
Чт авг  9 11:48:01 +06 2018
Монтируем удаленный каталог с выгрузкой из 1С
Удаленный каталог успешно примонтирован, запускаем php скрипт для загрузки данных
Could not open input file: /var/www/is/application/Components/FasSync.php
Удаленный каталог успешно отмонтирован
Чт авг  9 11:50:01 +06 2018
Монтируем удаленный каталог с выгрузкой из 1С
Удаленный каталог успешно примонтирован, запускаем php скрипт для загрузки данных
Could not open input file: /var/www/is/application/Components/FasSync.php
Удаленный каталог успешно отмонтирован
----------------------------------------------
Чт авг  9 12:01:01 +06 2018
Монтируем удаленный каталог с выгрузкой из 1С
Удаленный каталог успешно примонтирован, запускаем php скрипт для загрузки данных
Удаленный каталог успешно отмонтирован
----------------------------------------------
Чт авг  9 12:07:01 +06 2018
Монтируем удаленный каталог с выгрузкой из 1С
Удаленный каталог успешно примонтирован, запускаем php скрипт для загрузки данных
PHP скрипт запущен, открываем файл выгрузки из 1С
Файл 1C выгрузки открыт для чтения. Начинаем загрузку информации в Базу данных...
Данные успешно загружены
Удаленный каталог успешно отмонтирован
----------------------------------------------
Чт авг  9 12:10:01 +06 2018
Монтируем удаленный каталог с выгрузкой из 1С
Удаленный каталог успешно примонтирован, запускаем php скрипт для загрузки данных
PHP скрипт запущен, открываем файл выгрузки из 1С
Файл 1C выгрузки открыт для чтения. Начинаем загрузку информации в Базу данных...
Данные успешно загружены
Удаленный каталог успешно отмонтирован
----------------------------------------------
Вт авг 14 10:00:01 +06 2018
Монтируем удаленный каталог с выгрузкой из 1С
Удаленный каталог успешно примонтирован, запускаем php скрипт для загрузки данных
PHP скрипт запущен, открываем файл выгрузки из 1С
Файл 1C выгрузки открыт для чтения. Начинаем загрузку информации в Базу данных...
Данные успешно загружены
Удаленный каталог успешно отмонтирован
----------------------------------------------
Ср авг 15 10:00:01 +06 2018
Монтируем удаленный каталог с выгрузкой из 1С
Удаленный каталог успешно примонтирован, запускаем php скрипт для загрузки данных
PHP скрипт запущен, открываем файл выгрузки из 1С
Файл 1C выгрузки открыт для чтения. Начинаем загрузку информации в Базу данных...
Данные успешно загружены
Удаленный каталог успешно отмонтирован
----------------------------------------------
Пн авг 20 10:00:01 +06 2018
Монтируем удаленный каталог с выгрузкой из 1С
Не удалось примонтировать удаленный каталог
----------------------------------------------
Ср авг 22 10:00:02 +06 2018
Монтируем удаленный каталог с выгрузкой из 1С
Удаленный каталог успешно примонтирован, запускаем php скрипт для загрузки данных
PHP скрипт запущен, открываем файл выгрузки из 1С
Файл 1C выгрузки открыт для чтения. Начинаем загрузку информации в Базу данных...
Данные успешно загружены
Удаленный каталог успешно отмонтирован
----------------------------------------------
Чт авг 23 10:00:01 +06 2018
Монтируем удаленный каталог с выгрузкой из 1С
Не удалось примонтировать удаленный каталог
----------------------------------------------
Пт авг 31 10:00:01 +06 2018
Монтируем удаленный каталог с выгрузкой из 1С
Удаленный каталог успешно примонтирован, запускаем php скрипт для загрузки данных
PHP скрипт запущен, открываем файл выгрузки из 1С
Файл 1C выгрузки открыт для чтения. Начинаем загрузку информации в Базу данных...
Данные успешно загружены
Удаленный каталог успешно отмонтирован
----------------------------------------------
Сб сен  1 10:00:01 +06 2018
Монтируем удаленный каталог с выгрузкой из 1С
Не удалось примонтировать удаленный каталог
----------------------------------------------
Пн сен  3 10:00:01 +06 2018
Монтируем удаленный каталог с выгрузкой из 1С
Удаленный каталог успешно примонтирован, запускаем php скрипт для загрузки данных
PHP скрипт запущен, открываем файл выгрузки из 1С
Файл 1C выгрузки открыт для чтения. Начинаем загрузку информации в Базу данных...
Данные успешно загружены
Удаленный каталог успешно отмонтирован
----------------------------------------------
Вт сен  4 10:00:01 +06 2018
Монтируем удаленный каталог с выгрузкой из 1С
Удаленный каталог успешно примонтирован, запускаем php скрипт для загрузки данных
PHP скрипт запущен, открываем файл выгрузки из 1С
Файл 1C выгрузки открыт для чтения. Начинаем загрузку информации в Базу данных...
Данные успешно загружены
Удаленный каталог успешно отмонтирован
----------------------------------------------
Ср сен  5 10:00:01 +06 2018
Монтируем удаленный каталог с выгрузкой из 1С
Удаленный каталог успешно примонтирован, запускаем php скрипт для загрузки данных
PHP скрипт запущен, открываем файл выгрузки из 1С
Файл 1C выгрузки открыт для чтения. Начинаем загрузку информации в Базу данных...
Данные успешно загружены
Удаленный каталог успешно отмонтирован
----------------------------------------------
Вт сен 11 10:00:01 +06 2018
Монтируем удаленный каталог с выгрузкой из 1С
Удаленный каталог успешно примонтирован, запускаем php скрипт для загрузки данных
PHP скрипт запущен, открываем файл выгрузки из 1С
Файл 1C выгрузки открыт для чтения. Начинаем загрузку информации в Базу данных...
Данные успешно загружены
Удаленный каталог успешно отмонтирован
----------------------------------------------
Ср сен 12 10:00:01 +06 2018
Монтируем удаленный каталог с выгрузкой из 1С
Удаленный каталог успешно примонтирован, запускаем php скрипт для загрузки данных
PHP скрипт запущен, открываем файл выгрузки из 1С
Файл 1C выгрузки открыт для чтения. Начинаем загрузку информации в Базу данных...
Данные успешно загружены
Удаленный каталог успешно отмонтирован
----------------------------------------------
Чт сен 13 10:00:01 +06 2018
Монтируем удаленный каталог с выгрузкой из 1С
Удаленный каталог успешно примонтирован, запускаем php скрипт для загрузки данных
PHP скрипт запущен, открываем файл выгрузки из 1С
Файл 1C выгрузки открыт для чтения. Начинаем загрузку информации в Базу данных...
Данные успешно загружены
Удаленный каталог успешно отмонтирован
----------------------------------------------
Пн сен 17 10:00:01 +06 2018
Монтируем удаленный каталог с выгрузкой из 1С
Удаленный каталог успешно примонтирован, запускаем php скрипт для загрузки данных
PHP скрипт запущен, открываем файл выгрузки из 1С
Файл 1C выгрузки открыт для чтения. Начинаем загрузку информации в Базу данных...
Данные успешно загружены
Удаленный каталог успешно отмонтирован
----------------------------------------------
Ср сен 19 10:00:01 +06 2018
Монтируем удаленный каталог с выгрузкой из 1С
Удаленный каталог успешно примонтирован, запускаем php скрипт для загрузки данных
PHP скрипт запущен, открываем файл выгрузки из 1С
Файл 1C выгрузки открыт для чтения. Начинаем загрузку информации в Базу данных...
Данные успешно загружены
Удаленный каталог успешно отмонтирован
----------------------------------------------
Чт сен 20 10:00:01 +06 2018
Монтируем удаленный каталог с выгрузкой из 1С
Удаленный каталог успешно примонтирован, запускаем php скрипт для загрузки данных
PHP скрипт запущен, открываем файл выгрузки из 1С
Файл 1C выгрузки открыт для чтения. Начинаем загрузку информации в Базу данных...
Данные успешно загружены
Удаленный каталог успешно отмонтирован
----------------------------------------------
Пн сен 24 10:00:01 +06 2018
Монтируем удаленный каталог с выгрузкой из 1С
Удаленный каталог успешно примонтирован, запускаем php скрипт для загрузки данных
PHP скрипт запущен, открываем файл выгрузки из 1С
Файл 1C выгрузки открыт для чтения. Начинаем загрузку информации в Базу данных...
Данные успешно загружены
Удаленный каталог успешно отмонтирован
----------------------------------------------
Ср сен 26 10:00:01 +06 2018
Монтируем удаленный каталог с выгрузкой из 1С
Удаленный каталог успешно примонтирован, запускаем php скрипт для загрузки данных
PHP скрипт запущен, открываем файл выгрузки из 1С
Файл 1C выгрузки открыт для чтения. Начинаем загрузку информации в Базу данных...
Данные успешно загружены
Удаленный каталог успешно отмонтирован
----------------------------------------------
Чт сен 27 10:00:01 +06 2018
Монтируем удаленный каталог с выгрузкой из 1С
Удаленный каталог успешно примонтирован, запускаем php скрипт для загрузки данных
PHP скрипт запущен, открываем файл выгрузки из 1С
Файл 1C выгрузки открыт для чтения. Начинаем загрузку информации в Базу данных...
Данные успешно загружены
Удаленный каталог успешно отмонтирован
----------------------------------------------
Пт сен 28 10:00:01 +06 2018
Монтируем удаленный каталог с выгрузкой из 1С
Удаленный каталог успешно примонтирован, запускаем php скрипт для загрузки данных
PHP скрипт запущен, открываем файл выгрузки из 1С
Файл 1C выгрузки открыт для чтения. Начинаем загрузку информации в Базу данных...
Данные успешно загружены
Удаленный каталог успешно отмонтирован
----------------------------------------------
Чт окт  4 10:00:01 +06 2018
Монтируем удаленный каталог с выгрузкой из 1С
Удаленный каталог успешно примонтирован, запускаем php скрипт для загрузки данных
PHP скрипт запущен, открываем файл выгрузки из 1С
Файл 1C выгрузки открыт для чтения. Начинаем загрузку информации в Базу данных...
Данные успешно загружены
Удаленный каталог успешно отмонтирован
----------------------------------------------
Пт окт  5 10:00:01 +06 2018
Монтируем удаленный каталог с выгрузкой из 1С
Удаленный каталог успешно примонтирован, запускаем php скрипт для загрузки данных
PHP скрипт запущен, открываем файл выгрузки из 1С
Файл 1C выгрузки открыт для чтения. Начинаем загрузку информации в Базу данных...
Данные успешно загружены
Удаленный каталог успешно отмонтирован
----------------------------------------------
Пн окт  8 10:00:01 +06 2018
Монтируем удаленный каталог с выгрузкой из 1С
Удаленный каталог успешно примонтирован, запускаем php скрипт для загрузки данных
PHP скрипт запущен, открываем файл выгрузки из 1С
Файл 1C выгрузки открыт для чтения. Начинаем загрузку информации в Базу данных...
Данные успешно загружены
Удаленный каталог успешно отмонтирован
----------------------------------------------
Вт окт  9 10:00:02 +06 2018
Монтируем удаленный каталог с выгрузкой из 1С
Удаленный каталог успешно примонтирован, запускаем php скрипт для загрузки данных
PHP скрипт запущен, открываем файл выгрузки из 1С
Файл 1C выгрузки открыт для чтения. Начинаем загрузку информации в Базу данных...
Данные успешно загружены
Удаленный каталог успешно отмонтирован
----------------------------------------------
Ср окт 10 10:00:01 +06 2018
Монтируем удаленный каталог с выгрузкой из 1С
Удаленный каталог успешно примонтирован, запускаем php скрипт для загрузки данных
PHP скрипт запущен, открываем файл выгрузки из 1С
Файл 1C выгрузки открыт для чтения. Начинаем загрузку информации в Базу данных...
Данные успешно загружены
Удаленный каталог успешно отмонтирован
----------------------------------------------
Чт окт 11 10:00:01 +06 2018
Монтируем удаленный каталог с выгрузкой из 1С
Удаленный каталог успешно примонтирован, запускаем php скрипт для загрузки данных
PHP скрипт запущен, открываем файл выгрузки из 1С
Файл 1C выгрузки открыт для чтения. Начинаем загрузку информации в Базу данных...
Данные успешно загружены
Удаленный каталог успешно отмонтирован
----------------------------------------------
Сб окт 13 10:00:01 +06 2018
Монтируем удаленный каталог с выгрузкой из 1С
Удаленный каталог успешно примонтирован, запускаем php скрипт для загрузки данных
PHP скрипт запущен, открываем файл выгрузки из 1С
Файл 1C выгрузки открыт для чтения. Начинаем загрузку информации в Базу данных...
Данные успешно загружены
Удаленный каталог успешно отмонтирован
----------------------------------------------
Вт окт 16 10:00:01 +06 2018
Монтируем удаленный каталог с выгрузкой из 1С
Удаленный каталог успешно примонтирован, запускаем php скрипт для загрузки данных
PHP скрипт запущен, открываем файл выгрузки из 1С
Файл 1C выгрузки открыт для чтения. Начинаем загрузку информации в Базу данных...
Данные успешно загружены
Удаленный каталог успешно отмонтирован
----------------------------------------------
Чт окт 18 10:00:01 +06 2018
Монтируем удаленный каталог с выгрузкой из 1С
Удаленный каталог успешно примонтирован, запускаем php скрипт для загрузки данных
PHP скрипт запущен, открываем файл выгрузки из 1С
Файл 1C выгрузки открыт для чтения. Начинаем загрузку информации в Базу данных...
Данные успешно загружены
Удаленный каталог успешно отмонтирован
----------------------------------------------
Пт окт 19 10:00:01 +06 2018
Монтируем удаленный каталог с выгрузкой из 1С
Удаленный каталог успешно примонтирован, запускаем php скрипт для загрузки данных
PHP скрипт запущен, открываем файл выгрузки из 1С
Файл 1C выгрузки открыт для чтения. Начинаем загрузку информации в Базу данных...
Данные успешно загружены
Удаленный каталог успешно отмонтирован
----------------------------------------------
Пн окт 22 10:00:01 +06 2018
Монтируем удаленный каталог с выгрузкой из 1С
Удаленный каталог успешно примонтирован, запускаем php скрипт для загрузки данных
PHP скрипт запущен, открываем файл выгрузки из 1С
Файл 1C выгрузки открыт для чтения. Начинаем загрузку информации в Базу данных...
Данные успешно загружены
Удаленный каталог успешно отмонтирован
----------------------------------------------
Вт окт 23 10:00:01 +06 2018
Монтируем удаленный каталог с выгрузкой из 1С
Удаленный каталог успешно примонтирован, запускаем php скрипт для загрузки данных
PHP скрипт запущен, открываем файл выгрузки из 1С
Файл 1C выгрузки открыт для чтения. Начинаем загрузку информации в Базу данных...
Данные успешно загружены
Удаленный каталог успешно отмонтирован
----------------------------------------------
Ср окт 24 10:00:02 +06 2018
Монтируем удаленный каталог с выгрузкой из 1С
Удаленный каталог успешно примонтирован, запускаем php скрипт для загрузки данных
PHP скрипт запущен, открываем файл выгрузки из 1С
Файл 1C выгрузки открыт для чтения. Начинаем загрузку информации в Базу данных...
Данные успешно загружены
Удаленный каталог успешно отмонтирован
----------------------------------------------
Чт окт 25 10:00:01 +06 2018
Монтируем удаленный каталог с выгрузкой из 1С
Удаленный каталог успешно примонтирован, запускаем php скрипт для загрузки данных
PHP скрипт запущен, открываем файл выгрузки из 1С
Файл 1C выгрузки открыт для чтения. Начинаем загрузку информации в Базу данных...
Данные успешно загружены
Удаленный каталог успешно отмонтирован
----------------------------------------------
Пт окт 26 10:00:01 +06 2018
Монтируем удаленный каталог с выгрузкой из 1С
Удаленный каталог успешно примонтирован, запускаем php скрипт для загрузки данных
PHP скрипт запущен, открываем файл выгрузки из 1С
Файл 1C выгрузки открыт для чтения. Начинаем загрузку информации в Базу данных...
Данные успешно загружены
Удаленный каталог успешно отмонтирован
----------------------------------------------
Сб окт 27 10:00:01 +06 2018
Монтируем удаленный каталог с выгрузкой из 1С
Удаленный каталог успешно примонтирован, запускаем php скрипт для загрузки данных
PHP скрипт запущен, открываем файл выгрузки из 1С
Файл 1C выгрузки открыт для чтения. Начинаем загрузку информации в Базу данных...
Данные успешно загружены
Удаленный каталог успешно отмонтирован
----------------------------------------------
Вс окт 28 10:00:01 +06 2018
Монтируем удаленный каталог с выгрузкой из 1С
Удаленный каталог успешно примонтирован, запускаем php скрипт для загрузки данных
PHP скрипт запущен, открываем файл выгрузки из 1С
Файл 1C выгрузки открыт для чтения. Начинаем загрузку информации в Базу данных...
Данные успешно загружены
Удаленный каталог успешно отмонтирован
----------------------------------------------
Пн окт 29 10:00:01 +06 2018
Монтируем удаленный каталог с выгрузкой из 1С
Удаленный каталог успешно примонтирован, запускаем php скрипт для загрузки данных
PHP скрипт запущен, открываем файл выгрузки из 1С
Файл 1C выгрузки открыт для чтения. Начинаем загрузку информации в Базу данных...
Данные успешно загружены
Удаленный каталог успешно отмонтирован
----------------------------------------------
Вт окт 30 10:00:01 +06 2018
Монтируем удаленный каталог с выгрузкой из 1С
Не удалось примонтировать удаленный каталог
----------------------------------------------
Ср окт 31 10:00:01 +06 2018
Монтируем удаленный каталог с выгрузкой из 1С
Удаленный каталог успешно примонтирован, запускаем php скрипт для загрузки данных
PHP скрипт запущен, открываем файл выгрузки из 1С
Файл 1C выгрузки открыт для чтения. Начинаем загрузку информации в Базу данных...
Данные успешно загружены
Удаленный каталог успешно отмонтирован
----------------------------------------------
Чт ноя  1 10:00:01 +06 2018
Монтируем удаленный каталог с выгрузкой из 1С
Удаленный каталог успешно примонтирован, запускаем php скрипт для загрузки данных
PHP скрипт запущен, открываем файл выгрузки из 1С
Файл 1C выгрузки открыт для чтения. Начинаем загрузку информации в Базу данных...
Данные успешно загружены
Удаленный каталог успешно отмонтирован
----------------------------------------------
Пт ноя  2 10:00:01 +06 2018
Монтируем удаленный каталог с выгрузкой из 1С
Удаленный каталог успешно примонтирован, запускаем php скрипт для загрузки данных
PHP скрипт запущен, открываем файл выгрузки из 1С
Файл 1C выгрузки открыт для чтения. Начинаем загрузку информации в Базу данных...
Данные успешно загружены
Удаленный каталог успешно отмонтирован
----------------------------------------------
Сб ноя  3 10:00:01 +06 2018
Монтируем удаленный каталог с выгрузкой из 1С
Удаленный каталог успешно примонтирован, запускаем php скрипт для загрузки данных
PHP скрипт запущен, открываем файл выгрузки из 1С
Файл 1C выгрузки открыт для чтения. Начинаем загрузку информации в Базу данных...
Данные успешно загружены
Удаленный каталог успешно отмонтирован
----------------------------------------------
Вс ноя  4 10:00:01 +06 2018
Монтируем удаленный каталог с выгрузкой из 1С
Удаленный каталог успешно примонтирован, запускаем php скрипт для загрузки данных
PHP скрипт запущен, открываем файл выгрузки из 1С
Файл 1C выгрузки открыт для чтения. Начинаем загрузку информации в Базу данных...
Данные успешно загружены
Удаленный каталог успешно отмонтирован
----------------------------------------------
Пн ноя  5 10:00:01 +06 2018
Монтируем удаленный каталог с выгрузкой из 1С
Удаленный каталог успешно примонтирован, запускаем php скрипт для загрузки данных
PHP скрипт запущен, открываем файл выгрузки из 1С
Файл 1C выгрузки открыт для чтения. Начинаем загрузку информации в Базу данных...
Данные успешно загружены
Удаленный каталог успешно отмонтирован
----------------------------------------------
Вт ноя  6 10:00:01 +06 2018
Монтируем удаленный каталог с выгрузкой из 1С
Удаленный каталог успешно примонтирован, запускаем php скрипт для загрузки данных
PHP скрипт запущен, открываем файл выгрузки из 1С
Файл 1C выгрузки открыт для чтения. Начинаем загрузку информации в Базу данных...
Данные успешно загружены
Удаленный каталог успешно отмонтирован
----------------------------------------------
Ср ноя  7 10:00:01 +06 2018
Монтируем удаленный каталог с выгрузкой из 1С
Удаленный каталог успешно примонтирован, запускаем php скрипт для загрузки данных
PHP скрипт запущен, открываем файл выгрузки из 1С
Файл 1C выгрузки открыт для чтения. Начинаем загрузку информации в Базу данных...
Данные успешно загружены
Удаленный каталог успешно отмонтирован
----------------------------------------------
Чт ноя  8 10:00:01 +06 2018
Монтируем удаленный каталог с выгрузкой из 1С
Удаленный каталог успешно примонтирован, запускаем php скрипт для загрузки данных
PHP скрипт запущен, открываем файл выгрузки из 1С
Файл 1C выгрузки открыт для чтения. Начинаем загрузку информации в Базу данных...
Данные успешно загружены
Удаленный каталог успешно отмонтирован
----------------------------------------------
Пт ноя  9 10:00:01 +06 2018
Монтируем удаленный каталог с выгрузкой из 1С
Удаленный каталог успешно примонтирован, запускаем php скрипт для загрузки данных
PHP скрипт запущен, открываем файл выгрузки из 1С
Файл 1C выгрузки открыт для чтения. Начинаем загрузку информации в Базу данных...
Данные успешно загружены
Удаленный каталог успешно отмонтирован
----------------------------------------------
Сб ноя 10 10:00:01 +06 2018
Монтируем удаленный каталог с выгрузкой из 1С
Удаленный каталог успешно примонтирован, запускаем php скрипт для загрузки данных
PHP скрипт запущен, открываем файл выгрузки из 1С
Файл 1C выгрузки открыт для чтения. Начинаем загрузку информации в Базу данных...
Данные успешно загружены
Удаленный каталог успешно отмонтирован
----------------------------------------------
Вс ноя 11 10:00:01 +06 2018
Монтируем удаленный каталог с выгрузкой из 1С
Удаленный каталог успешно примонтирован, запускаем php скрипт для загрузки данных
PHP скрипт запущен, открываем файл выгрузки из 1С
Файл 1C выгрузки открыт для чтения. Начинаем загрузку информации в Базу данных...
Данные успешно загружены
Удаленный каталог успешно отмонтирован
----------------------------------------------
Пн ноя 12 10:00:01 +06 2018
Монтируем удаленный каталог с выгрузкой из 1С
Удаленный каталог успешно примонтирован, запускаем php скрипт для загрузки данных
PHP скрипт запущен, открываем файл выгрузки из 1С
Файл 1C выгрузки открыт для чтения. Начинаем загрузку информации в Базу данных...
Данные успешно загружены
Удаленный каталог успешно отмонтирован
----------------------------------------------
Вт ноя 13 10:00:01 +06 2018
Монтируем удаленный каталог с выгрузкой из 1С
Удаленный каталог успешно примонтирован, запускаем php скрипт для загрузки данных
PHP скрипт запущен, открываем файл выгрузки из 1С
Файл 1C выгрузки открыт для чтения. Начинаем загрузку информации в Базу данных...
Данные успешно загружены
Удаленный каталог успешно отмонтирован
----------------------------------------------
Ср ноя 14 10:00:01 +06 2018
Монтируем удаленный каталог с выгрузкой из 1С
Удаленный каталог успешно примонтирован, запускаем php скрипт для загрузки данных
PHP скрипт запущен, открываем файл выгрузки из 1С
Файл 1C выгрузки открыт для чтения. Начинаем загрузку информации в Базу данных...
Данные успешно загружены
Удаленный каталог успешно отмонтирован
----------------------------------------------
Чт ноя 15 10:00:01 +06 2018
Монтируем удаленный каталог с выгрузкой из 1С
Удаленный каталог успешно примонтирован, запускаем php скрипт для загрузки данных
PHP скрипт запущен, открываем файл выгрузки из 1С
Файл 1C выгрузки открыт для чтения. Начинаем загрузку информации в Базу данных...
Данные успешно загружены
Удаленный каталог успешно отмонтирован
----------------------------------------------
Пт ноя 16 10:00:01 +06 2018
Монтируем удаленный каталог с выгрузкой из 1С
Удаленный каталог успешно примонтирован, запускаем php скрипт для загрузки данных
PHP скрипт запущен, открываем файл выгрузки из 1С
Файл 1C выгрузки открыт для чтения. Начинаем загрузку информации в Базу данных...
Данные успешно загружены
Удаленный каталог успешно отмонтирован
----------------------------------------------
Сб ноя 17 10:00:01 +06 2018
Монтируем удаленный каталог с выгрузкой из 1С
Удаленный каталог успешно примонтирован, запускаем php скрипт для загрузки данных
PHP скрипт запущен, открываем файл выгрузки из 1С
Файл 1C выгрузки открыт для чтения. Начинаем загрузку информации в Базу данных...
Данные успешно загружены
Удаленный каталог успешно отмонтирован
----------------------------------------------
Вс ноя 18 10:00:01 +06 2018
Монтируем удаленный каталог с выгрузкой из 1С
Удаленный каталог успешно примонтирован, запускаем php скрипт для загрузки данных
PHP скрипт запущен, открываем файл выгрузки из 1С
Файл 1C выгрузки открыт для чтения. Начинаем загрузку информации в Базу данных...
Данные успешно загружены
Удаленный каталог успешно отмонтирован
----------------------------------------------
Пн ноя 19 10:00:01 +06 2018
Монтируем удаленный каталог с выгрузкой из 1С
Удаленный каталог успешно примонтирован, запускаем php скрипт для загрузки данных
PHP скрипт запущен, открываем файл выгрузки из 1С
Файл 1C выгрузки открыт для чтения. Начинаем загрузку информации в Базу данных...
Данные успешно загружены
Удаленный каталог успешно отмонтирован
----------------------------------------------
Вт ноя 20 10:00:01 +06 2018
Монтируем удаленный каталог с выгрузкой из 1С
Удаленный каталог успешно примонтирован, запускаем php скрипт для загрузки данных
PHP скрипт запущен, открываем файл выгрузки из 1С
Файл 1C выгрузки открыт для чтения. Начинаем загрузку информации в Базу данных...
Данные успешно загружены
Удаленный каталог успешно отмонтирован
----------------------------------------------
Ср ноя 21 10:00:01 +06 2018
Монтируем удаленный каталог с выгрузкой из 1С
Удаленный каталог успешно примонтирован, запускаем php скрипт для загрузки данных
PHP скрипт запущен, открываем файл выгрузки из 1С
Файл 1C выгрузки открыт для чтения. Начинаем загрузку информации в Базу данных...
Данные успешно загружены
Удаленный каталог успешно отмонтирован
----------------------------------------------
Чт ноя 22 10:00:01 +06 2018
Монтируем удаленный каталог с выгрузкой из 1С
Удаленный каталог успешно примонтирован, запускаем php скрипт для загрузки данных
PHP скрипт запущен, открываем файл выгрузки из 1С
Файл 1C выгрузки открыт для чтения. Начинаем загрузку информации в Базу данных...
Данные успешно загружены
Удаленный каталог успешно отмонтирован
----------------------------------------------
Пт ноя 23 10:00:01 +06 2018
Монтируем удаленный каталог с выгрузкой из 1С
Удаленный каталог успешно примонтирован, запускаем php скрипт для загрузки данных
PHP скрипт запущен, открываем файл выгрузки из 1С
Файл 1C выгрузки открыт для чтения. Начинаем загрузку информации в Базу данных...
Данные успешно загружены
Удаленный каталог успешно отмонтирован
----------------------------------------------
Сб ноя 24 10:00:01 +06 2018
Монтируем удаленный каталог с выгрузкой из 1С
Удаленный каталог успешно примонтирован, запускаем php скрипт для загрузки данных
PHP скрипт запущен, открываем файл выгрузки из 1С
Файл 1C выгрузки открыт для чтения. Начинаем загрузку информации в Базу данных...
Данные успешно загружены
Удаленный каталог успешно отмонтирован
----------------------------------------------
Вс ноя 25 10:00:01 +06 2018
Монтируем удаленный каталог с выгрузкой из 1С
Удаленный каталог успешно примонтирован, запускаем php скрипт для загрузки данных
PHP скрипт запущен, открываем файл выгрузки из 1С
Файл 1C выгрузки открыт для чтения. Начинаем загрузку информации в Базу данных...
Данные успешно загружены
Удаленный каталог успешно отмонтирован
----------------------------------------------
Пн ноя 26 10:00:01 +06 2018
Монтируем удаленный каталог с выгрузкой из 1С
Удаленный каталог успешно примонтирован, запускаем php скрипт для загрузки данных
PHP скрипт запущен, открываем файл выгрузки из 1С
Файл 1C выгрузки открыт для чтения. Начинаем загрузку информации в Базу данных...
Данные успешно загружены
Удаленный каталог успешно отмонтирован
----------------------------------------------
Вт ноя 27 10:00:01 +06 2018
Монтируем удаленный каталог с выгрузкой из 1С
Удаленный каталог успешно примонтирован, запускаем php скрипт для загрузки данных
PHP скрипт запущен, открываем файл выгрузки из 1С
Файл 1C выгрузки открыт для чтения. Начинаем загрузку информации в Базу данных...
Данные успешно загружены
Удаленный каталог успешно отмонтирован
----------------------------------------------
Ср ноя 28 10:00:01 +06 2018
Монтируем удаленный каталог с выгрузкой из 1С
Удаленный каталог успешно примонтирован, запускаем php скрипт для загрузки данных
PHP скрипт запущен, открываем файл выгрузки из 1С
Файл 1C выгрузки открыт для чтения. Начинаем загрузку информации в Базу данных...
Данные успешно загружены
Удаленный каталог успешно отмонтирован
----------------------------------------------
Чт ноя 29 10:00:01 +06 2018
Монтируем удаленный каталог с выгрузкой из 1С
Удаленный каталог успешно примонтирован, запускаем php скрипт для загрузки данных
PHP скрипт запущен, открываем файл выгрузки из 1С
Файл 1C выгрузки открыт для чтения. Начинаем загрузку информации в Базу данных...
Данные успешно загружены
Удаленный каталог успешно отмонтирован
----------------------------------------------
Пт ноя 30 10:00:01 +06 2018
Монтируем удаленный каталог с выгрузкой из 1С
Удаленный каталог успешно примонтирован, запускаем php скрипт для загрузки данных
PHP скрипт запущен, открываем файл выгрузки из 1С
Файл 1C выгрузки открыт для чтения. Начинаем загрузку информации в Базу данных...
Данные успешно загружены
Удаленный каталог успешно отмонтирован
----------------------------------------------
Сб дек  1 10:00:01 +06 2018
Монтируем удаленный каталог с выгрузкой из 1С
Удаленный каталог успешно примонтирован, запускаем php скрипт для загрузки данных
PHP скрипт запущен, открываем файл выгрузки из 1С
Файл 1C выгрузки открыт для чтения. Начинаем загрузку информации в Базу данных...
Данные успешно загружены
Удаленный каталог успешно отмонтирован
----------------------------------------------
Вс дек  2 10:00:01 +06 2018
Монтируем удаленный каталог с выгрузкой из 1С
Удаленный каталог успешно примонтирован, запускаем php скрипт для загрузки данных
PHP скрипт запущен, открываем файл выгрузки из 1С
Файл 1C выгрузки открыт для чтения. Начинаем загрузку информации в Базу данных...
Данные успешно загружены
Удаленный каталог успешно отмонтирован
----------------------------------------------
Пн дек  3 10:00:01 +06 2018
Монтируем удаленный каталог с выгрузкой из 1С
Удаленный каталог успешно примонтирован, запускаем php скрипт для загрузки данных
PHP скрипт запущен, открываем файл выгрузки из 1С
Файл 1C выгрузки открыт для чтения. Начинаем загрузку информации в Базу данных...
Данные успешно загружены
Удаленный каталог успешно отмонтирован
----------------------------------------------
Вт дек  4 10:00:02 +06 2018
Монтируем удаленный каталог с выгрузкой из 1С
Удаленный каталог успешно примонтирован, запускаем php скрипт для загрузки данных
PHP скрипт запущен, открываем файл выгрузки из 1С
Файл 1C выгрузки открыт для чтения. Начинаем загрузку информации в Базу данных...
Данные успешно загружены
Удаленный каталог успешно отмонтирован
----------------------------------------------
Ср дек  5 10:00:01 +06 2018
Монтируем удаленный каталог с выгрузкой из 1С
Удаленный каталог успешно примонтирован, запускаем php скрипт для загрузки данных
PHP скрипт запущен, открываем файл выгрузки из 1С
Файл 1C выгрузки открыт для чтения. Начинаем загрузку информации в Базу данных...
Данные успешно загружены
Удаленный каталог успешно отмонтирован
----------------------------------------------
Чт дек  6 10:00:01 +06 2018
Монтируем удаленный каталог с выгрузкой из 1С
Удаленный каталог успешно примонтирован, запускаем php скрипт для загрузки данных
PHP скрипт запущен, открываем файл выгрузки из 1С
Файл 1C выгрузки открыт для чтения. Начинаем загрузку информации в Базу данных...
Данные успешно загружены
Удаленный каталог успешно отмонтирован
----------------------------------------------
Пт дек  7 10:00:01 +06 2018
Монтируем удаленный каталог с выгрузкой из 1С
Удаленный каталог успешно примонтирован, запускаем php скрипт для загрузки данных
PHP скрипт запущен, открываем файл выгрузки из 1С
Файл 1C выгрузки открыт для чтения. Начинаем загрузку информации в Базу данных...
Данные успешно загружены
Удаленный каталог успешно отмонтирован
----------------------------------------------
Сб дек  8 10:00:01 +06 2018
Монтируем удаленный каталог с выгрузкой из 1С
Удаленный каталог успешно примонтирован, запускаем php скрипт для загрузки данных
PHP скрипт запущен, открываем файл выгрузки из 1С
Файл 1C выгрузки открыт для чтения. Начинаем загрузку информации в Базу данных...
Данные успешно загружены
Удаленный каталог успешно отмонтирован
----------------------------------------------
Вс дек  9 10:00:01 +06 2018
Монтируем удаленный каталог с выгрузкой из 1С
Удаленный каталог успешно примонтирован, запускаем php скрипт для загрузки данных
PHP скрипт запущен, открываем файл выгрузки из 1С
Файл 1C выгрузки открыт для чтения. Начинаем загрузку информации в Базу данных...
Данные успешно загружены
Удаленный каталог успешно отмонтирован
----------------------------------------------
Пн дек 10 10:00:01 +06 2018
Монтируем удаленный каталог с выгрузкой из 1С
Удаленный каталог успешно примонтирован, запускаем php скрипт для загрузки данных
PHP скрипт запущен, открываем файл выгрузки из 1С
Файл 1C выгрузки открыт для чтения. Начинаем загрузку информации в Базу данных...
Данные успешно загружены
Удаленный каталог успешно отмонтирован
----------------------------------------------
Вт дек 11 10:00:01 +06 2018
Монтируем удаленный каталог с выгрузкой из 1С
Удаленный каталог успешно примонтирован, запускаем php скрипт для загрузки данных
PHP скрипт запущен, открываем файл выгрузки из 1С
Файл 1C выгрузки открыт для чтения. Начинаем загрузку информации в Базу данных...
Данные успешно загружены
Удаленный каталог успешно отмонтирован
----------------------------------------------
Ср дек 12 10:00:01 +06 2018
Монтируем удаленный каталог с выгрузкой из 1С
Удаленный каталог успешно примонтирован, запускаем php скрипт для загрузки данных
PHP скрипт запущен, открываем файл выгрузки из 1С
Файл 1C выгрузки открыт для чтения. Начинаем загрузку информации в Базу данных...
Данные успешно загружены
Удаленный каталог успешно отмонтирован
----------------------------------------------
Чт дек 13 10:00:01 +06 2018
Монтируем удаленный каталог с выгрузкой из 1С
Удаленный каталог успешно примонтирован, запускаем php скрипт для загрузки данных
PHP скрипт запущен, открываем файл выгрузки из 1С
Файл 1C выгрузки открыт для чтения. Начинаем загрузку информации в Базу данных...
Данные успешно загружены
Удаленный каталог успешно отмонтирован
----------------------------------------------
Пт дек 14 10:00:01 +06 2018
Монтируем удаленный каталог с выгрузкой из 1С
Удаленный каталог успешно примонтирован, запускаем php скрипт для загрузки данных
PHP скрипт запущен, открываем файл выгрузки из 1С
Файл 1C выгрузки открыт для чтения. Начинаем загрузку информации в Базу данных...
Данные успешно загружены
Удаленный каталог успешно отмонтирован
----------------------------------------------
Сб дек 15 10:00:01 +06 2018
Монтируем удаленный каталог с выгрузкой из 1С
Удаленный каталог успешно примонтирован, запускаем php скрипт для загрузки данных
PHP скрипт запущен, открываем файл выгрузки из 1С
Файл 1C выгрузки открыт для чтения. Начинаем загрузку информации в Базу данных...
Данные успешно загружены
Удаленный каталог успешно отмонтирован
----------------------------------------------
Вс дек 16 10:00:01 +06 2018
Монтируем удаленный каталог с выгрузкой из 1С
Удаленный каталог успешно примонтирован, запускаем php скрипт для загрузки данных
PHP скрипт запущен, открываем файл выгрузки из 1С
Файл 1C выгрузки открыт для чтения. Начинаем загрузку информации в Базу данных...
Данные успешно загружены
Удаленный каталог успешно отмонтирован
----------------------------------------------
Пн дек 17 10:00:01 +06 2018
Монтируем удаленный каталог с выгрузкой из 1С
Удаленный каталог успешно примонтирован, запускаем php скрипт для загрузки данных
PHP скрипт запущен, открываем файл выгрузки из 1С
Файл 1C выгрузки открыт для чтения. Начинаем загрузку информации в Базу данных...
Данные успешно загружены
Удаленный каталог успешно отмонтирован
----------------------------------------------
Вт дек 18 10:00:01 +06 2018
Монтируем удаленный каталог с выгрузкой из 1С
Удаленный каталог успешно примонтирован, запускаем php скрипт для загрузки данных
PHP скрипт запущен, открываем файл выгрузки из 1С
Файл 1C выгрузки открыт для чтения. Начинаем загрузку информации в Базу данных...
Данные успешно загружены
Удаленный каталог успешно отмонтирован
----------------------------------------------
Ср дек 19 10:00:01 +06 2018
Монтируем удаленный каталог с выгрузкой из 1С
Удаленный каталог успешно примонтирован, запускаем php скрипт для загрузки данных
PHP скрипт запущен, открываем файл выгрузки из 1С
Файл 1C выгрузки открыт для чтения. Начинаем загрузку информации в Базу данных...
Данные успешно загружены
Удаленный каталог успешно отмонтирован
----------------------------------------------
Чт дек 20 10:00:01 +06 2018
Монтируем удаленный каталог с выгрузкой из 1С
Удаленный каталог успешно примонтирован, запускаем php скрипт для загрузки данных
PHP скрипт запущен, открываем файл выгрузки из 1С
Файл 1C выгрузки открыт для чтения. Начинаем загрузку информации в Базу данных...
Данные успешно загружены
Удаленный каталог успешно отмонтирован
----------------------------------------------
Пт дек 21 10:00:01 +06 2018
Монтируем удаленный каталог с выгрузкой из 1С
Удаленный каталог успешно примонтирован, запускаем php скрипт для загрузки данных
PHP скрипт запущен, открываем файл выгрузки из 1С
Файл 1C выгрузки открыт для чтения. Начинаем загрузку информации в Базу данных...
Данные успешно загружены
Удаленный каталог успешно отмонтирован
----------------------------------------------
Сб дек 22 10:00:01 +06 2018
Монтируем удаленный каталог с выгрузкой из 1С
Удаленный каталог успешно примонтирован, запускаем php скрипт для загрузки данных
PHP скрипт запущен, открываем файл выгрузки из 1С
Файл 1C выгрузки открыт для чтения. Начинаем загрузку информации в Базу данных...
Данные успешно загружены
Удаленный каталог успешно отмонтирован
----------------------------------------------
Вс дек 23 10:00:01 +06 2018
Монтируем удаленный каталог с выгрузкой из 1С
Удаленный каталог успешно примонтирован, запускаем php скрипт для загрузки данных
PHP скрипт запущен, открываем файл выгрузки из 1С
Файл 1C выгрузки открыт для чтения. Начинаем загрузку информации в Базу данных...
Данные успешно загружены
Удаленный каталог успешно отмонтирован
----------------------------------------------
Пн дек 24 10:00:01 +06 2018
Монтируем удаленный каталог с выгрузкой из 1С
Удаленный каталог успешно примонтирован, запускаем php скрипт для загрузки данных
PHP скрипт запущен, открываем файл выгрузки из 1С
Файл 1C выгрузки открыт для чтения. Начинаем загрузку информации в Базу данных...
Данные успешно загружены
Удаленный каталог успешно отмонтирован
----------------------------------------------
Вт дек 25 10:00:01 +06 2018
Монтируем удаленный каталог с выгрузкой из 1С
Удаленный каталог успешно примонтирован, запускаем php скрипт для загрузки данных
PHP скрипт запущен, открываем файл выгрузки из 1С
Файл 1C выгрузки открыт для чтения. Начинаем загрузку информации в Базу данных...
Данные успешно загружены
Удаленный каталог успешно отмонтирован
----------------------------------------------
Ср дек 26 10:00:01 +06 2018
Монтируем удаленный каталог с выгрузкой из 1С
Удаленный каталог успешно примонтирован, запускаем php скрипт для загрузки данных
PHP скрипт запущен, открываем файл выгрузки из 1С
Файл 1C выгрузки открыт для чтения. Начинаем загрузку информации в Базу данных...
Данные успешно загружены
Удаленный каталог успешно отмонтирован
----------------------------------------------
Чт дек 27 10:00:01 +06 2018
Монтируем удаленный каталог с выгрузкой из 1С
Удаленный каталог успешно примонтирован, запускаем php скрипт для загрузки данных
PHP скрипт запущен, открываем файл выгрузки из 1С
Файл 1C выгрузки открыт для чтения. Начинаем загрузку информации в Базу данных...
Данные успешно загружены
Удаленный каталог успешно отмонтирован
----------------------------------------------
Пт дек 28 10:00:01 +06 2018
Монтируем удаленный каталог с выгрузкой из 1С
Удаленный каталог успешно примонтирован, запускаем php скрипт для загрузки данных
PHP скрипт запущен, открываем файл выгрузки из 1С
Файл 1C выгрузки открыт для чтения. Начинаем загрузку информации в Базу данных...
Данные успешно загружены
Удаленный каталог успешно отмонтирован
----------------------------------------------
Сб дек 29 10:00:01 +06 2018
Монтируем удаленный каталог с выгрузкой из 1С
Удаленный каталог успешно примонтирован, запускаем php скрипт для загрузки данных
PHP скрипт запущен, открываем файл выгрузки из 1С
Файл 1C выгрузки открыт для чтения. Начинаем загрузку информации в Базу данных...
Данные успешно загружены
Удаленный каталог успешно отмонтирован
----------------------------------------------
Вс дек 30 10:00:01 +06 2018
Монтируем удаленный каталог с выгрузкой из 1С
Удаленный каталог успешно примонтирован, запускаем php скрипт для загрузки данных
PHP скрипт запущен, открываем файл выгрузки из 1С
Файл 1C выгрузки открыт для чтения. Начинаем загрузку информации в Базу данных...
Данные успешно загружены
Удаленный каталог успешно отмонтирован
----------------------------------------------
Пн дек 31 10:00:01 +06 2018
Монтируем удаленный каталог с выгрузкой из 1С
Удаленный каталог успешно примонтирован, запускаем php скрипт для загрузки данных
PHP скрипт запущен, открываем файл выгрузки из 1С
Файл 1C выгрузки открыт для чтения. Начинаем загрузку информации в Базу данных...
Данные успешно загружены
Удаленный каталог успешно отмонтирован
----------------------------------------------
Вт янв  1 10:00:01 +06 2019
Монтируем удаленный каталог с выгрузкой из 1С
Удаленный каталог успешно примонтирован, запускаем php скрипт для загрузки данных
PHP скрипт запущен, открываем файл выгрузки из 1С
Файл 1C выгрузки открыт для чтения. Начинаем загрузку информации в Базу данных...
Данные успешно загружены
Удаленный каталог успешно отмонтирован
----------------------------------------------
Ср янв  2 10:00:01 +06 2019
Монтируем удаленный каталог с выгрузкой из 1С
Удаленный каталог успешно примонтирован, запускаем php скрипт для загрузки данных
PHP скрипт запущен, открываем файл выгрузки из 1С
Файл 1C выгрузки открыт для чтения. Начинаем загрузку информации в Базу данных...
Данные успешно загружены
Удаленный каталог успешно отмонтирован
----------------------------------------------
Чт янв  3 10:00:01 +06 2019
Монтируем удаленный каталог с выгрузкой из 1С
Удаленный каталог успешно примонтирован, запускаем php скрипт для загрузки данных
PHP скрипт запущен, открываем файл выгрузки из 1С
Файл 1C выгрузки открыт для чтения. Начинаем загрузку информации в Базу данных...
Данные успешно загружены
Удаленный каталог успешно отмонтирован
----------------------------------------------
Пт янв  4 10:00:01 +06 2019
Монтируем удаленный каталог с выгрузкой из 1С
Удаленный каталог успешно примонтирован, запускаем php скрипт для загрузки данных
PHP скрипт запущен, открываем файл выгрузки из 1С
Файл 1C выгрузки открыт для чтения. Начинаем загрузку информации в Базу данных...
Данные успешно загружены
Удаленный каталог успешно отмонтирован
----------------------------------------------
Сб янв  5 10:00:01 +06 2019
Монтируем удаленный каталог с выгрузкой из 1С
Удаленный каталог успешно примонтирован, запускаем php скрипт для загрузки данных
PHP скрипт запущен, открываем файл выгрузки из 1С
Файл 1C выгрузки открыт для чтения. Начинаем загрузку информации в Базу данных...
Данные успешно загружены
Удаленный каталог успешно отмонтирован
----------------------------------------------
Вс янв  6 10:00:01 +06 2019
Монтируем удаленный каталог с выгрузкой из 1С
Удаленный каталог успешно примонтирован, запускаем php скрипт для загрузки данных
PHP скрипт запущен, открываем файл выгрузки из 1С
Файл 1C выгрузки открыт для чтения. Начинаем загрузку информации в Базу данных...
Данные успешно загружены
Удаленный каталог успешно отмонтирован
----------------------------------------------
Пн янв  7 10:00:01 +06 2019
Монтируем удаленный каталог с выгрузкой из 1С
Удаленный каталог успешно примонтирован, запускаем php скрипт для загрузки данных
PHP скрипт запущен, открываем файл выгрузки из 1С
Файл 1C выгрузки открыт для чтения. Начинаем загрузку информации в Базу данных...
Данные успешно загружены
Удаленный каталог успешно отмонтирован
----------------------------------------------
Вт янв  8 10:00:01 +06 2019
Монтируем удаленный каталог с выгрузкой из 1С
Удаленный каталог успешно примонтирован, запускаем php скрипт для загрузки данных
PHP скрипт запущен, открываем файл выгрузки из 1С
Файл 1C выгрузки открыт для чтения. Начинаем загрузку информации в Базу данных...
Данные успешно загружены
Удаленный каталог успешно отмонтирован
----------------------------------------------
Ср янв  9 10:00:01 +06 2019
Монтируем удаленный каталог с выгрузкой из 1С
Удаленный каталог успешно примонтирован, запускаем php скрипт для загрузки данных
PHP скрипт запущен, открываем файл выгрузки из 1С
Файл 1C выгрузки открыт для чтения. Начинаем загрузку информации в Базу данных...
Данные успешно загружены
Удаленный каталог успешно отмонтирован
----------------------------------------------
Чт янв 10 10:00:01 +06 2019
Монтируем удаленный каталог с выгрузкой из 1С
Удаленный каталог успешно примонтирован, запускаем php скрипт для загрузки данных
PHP скрипт запущен, открываем файл выгрузки из 1С
Файл 1C выгрузки открыт для чтения. Начинаем загрузку информации в Базу данных...
Данные успешно загружены
Удаленный каталог успешно отмонтирован
----------------------------------------------
Пт янв 11 10:00:01 +06 2019
Монтируем удаленный каталог с выгрузкой из 1С
Удаленный каталог успешно примонтирован, запускаем php скрипт для загрузки данных
PHP скрипт запущен, открываем файл выгрузки из 1С
Файл 1C выгрузки открыт для чтения. Начинаем загрузку информации в Базу данных...
Данные успешно загружены
Удаленный каталог успешно отмонтирован
----------------------------------------------
Сб янв 12 10:00:01 +06 2019
Монтируем удаленный каталог с выгрузкой из 1С
Удаленный каталог успешно примонтирован, запускаем php скрипт для загрузки данных
PHP скрипт запущен, открываем файл выгрузки из 1С
Файл 1C выгрузки открыт для чтения. Начинаем загрузку информации в Базу данных...
Данные успешно загружены
Удаленный каталог успешно отмонтирован
----------------------------------------------
Вс янв 13 10:00:01 +06 2019
Монтируем удаленный каталог с выгрузкой из 1С
Удаленный каталог успешно примонтирован, запускаем php скрипт для загрузки данных
PHP скрипт запущен, открываем файл выгрузки из 1С
Файл 1C выгрузки открыт для чтения. Начинаем загрузку информации в Базу данных...
Данные успешно загружены
Удаленный каталог успешно отмонтирован
----------------------------------------------
Пн янв 14 10:00:01 +06 2019
Монтируем удаленный каталог с выгрузкой из 1С
Удаленный каталог успешно примонтирован, запускаем php скрипт для загрузки данных
PHP скрипт запущен, открываем файл выгрузки из 1С
Файл 1C выгрузки открыт для чтения. Начинаем загрузку информации в Базу данных...
Данные успешно загружены
Удаленный каталог успешно отмонтирован
----------------------------------------------
Вт янв 15 10:00:01 +06 2019
Монтируем удаленный каталог с выгрузкой из 1С
Удаленный каталог успешно примонтирован, запускаем php скрипт для загрузки данных
PHP скрипт запущен, открываем файл выгрузки из 1С
Файл 1C выгрузки открыт для чтения. Начинаем загрузку информации в Базу данных...
Данные успешно загружены
Удаленный каталог успешно отмонтирован
----------------------------------------------
Ср янв 16 10:00:01 +06 2019
Монтируем удаленный каталог с выгрузкой из 1С
Удаленный каталог успешно примонтирован, запускаем php скрипт для загрузки данных
PHP скрипт запущен, открываем файл выгрузки из 1С
Файл 1C выгрузки открыт для чтения. Начинаем загрузку информации в Базу данных...
Данные успешно загружены
Удаленный каталог успешно отмонтирован
----------------------------------------------
Чт янв 17 10:00:01 +06 2019
Монтируем удаленный каталог с выгрузкой из 1С
Удаленный каталог успешно примонтирован, запускаем php скрипт для загрузки данных
PHP скрипт запущен, открываем файл выгрузки из 1С
Файл 1C выгрузки открыт для чтения. Начинаем загрузку информации в Базу данных...
Данные успешно загружены
Удаленный каталог успешно отмонтирован
----------------------------------------------
Пт янв 18 10:00:01 +06 2019
Монтируем удаленный каталог с выгрузкой из 1С
Удаленный каталог успешно примонтирован, запускаем php скрипт для загрузки данных
PHP скрипт запущен, открываем файл выгрузки из 1С
Файл 1C выгрузки открыт для чтения. Начинаем загрузку информации в Базу данных...
Данные успешно загружены
Удаленный каталог успешно отмонтирован
----------------------------------------------
Сб янв 19 10:00:01 +06 2019
Монтируем удаленный каталог с выгрузкой из 1С
Удаленный каталог успешно примонтирован, запускаем php скрипт для загрузки данных
PHP скрипт запущен, открываем файл выгрузки из 1С
Файл 1C выгрузки открыт для чтения. Начинаем загрузку информации в Базу данных...
Данные успешно загружены
Удаленный каталог успешно отмонтирован
----------------------------------------------
Вс янв 20 10:00:01 +06 2019
Монтируем удаленный каталог с выгрузкой из 1С
Удаленный каталог успешно примонтирован, запускаем php скрипт для загрузки данных
PHP скрипт запущен, открываем файл выгрузки из 1С
Файл 1C выгрузки открыт для чтения. Начинаем загрузку информации в Базу данных...
Данные успешно загружены
Удаленный каталог успешно отмонтирован
----------------------------------------------
Пн янв 21 10:00:01 +06 2019
Монтируем удаленный каталог с выгрузкой из 1С
Удаленный каталог успешно примонтирован, запускаем php скрипт для загрузки данных
PHP скрипт запущен, открываем файл выгрузки из 1С
Файл 1C выгрузки открыт для чтения. Начинаем загрузку информации в Базу данных...
Данные успешно загружены
Удаленный каталог успешно отмонтирован
----------------------------------------------
Вт янв 22 10:00:01 +06 2019
Монтируем удаленный каталог с выгрузкой из 1С
Удаленный каталог успешно примонтирован, запускаем php скрипт для загрузки данных
PHP скрипт запущен, открываем файл выгрузки из 1С
Файл 1C выгрузки открыт для чтения. Начинаем загрузку информации в Базу данных...
Данные успешно загружены
Удаленный каталог успешно отмонтирован
----------------------------------------------
Ср янв 23 10:00:01 +06 2019
Монтируем удаленный каталог с выгрузкой из 1С
Удаленный каталог успешно примонтирован, запускаем php скрипт для загрузки данных
PHP скрипт запущен, открываем файл выгрузки из 1С
Файл 1C выгрузки открыт для чтения. Начинаем загрузку информации в Базу данных...
Данные успешно загружены
Удаленный каталог успешно отмонтирован
----------------------------------------------
Чт янв 24 10:00:01 +06 2019
Монтируем удаленный каталог с выгрузкой из 1С
Удаленный каталог успешно примонтирован, запускаем php скрипт для загрузки данных
PHP скрипт запущен, открываем файл выгрузки из 1С
Файл 1C выгрузки открыт для чтения. Начинаем загрузку информации в Базу данных...
Данные успешно загружены
Удаленный каталог успешно отмонтирован
----------------------------------------------
Пт янв 25 10:00:01 +06 2019
Монтируем удаленный каталог с выгрузкой из 1С
Удаленный каталог успешно примонтирован, запускаем php скрипт для загрузки данных
PHP скрипт запущен, открываем файл выгрузки из 1С
Файл 1C выгрузки открыт для чтения. Начинаем загрузку информации в Базу данных...
Данные успешно загружены
Удаленный каталог успешно отмонтирован
----------------------------------------------
Сб янв 26 10:00:01 +06 2019
Монтируем удаленный каталог с выгрузкой из 1С
Удаленный каталог успешно примонтирован, запускаем php скрипт для загрузки данных
PHP скрипт запущен, открываем файл выгрузки из 1С
Файл 1C выгрузки открыт для чтения. Начинаем загрузку информации в Базу данных...
Данные успешно загружены
Удаленный каталог успешно отмонтирован
----------------------------------------------
Вс янв 27 10:00:01 +06 2019
Монтируем удаленный каталог с выгрузкой из 1С
Удаленный каталог успешно примонтирован, запускаем php скрипт для загрузки данных
PHP скрипт запущен, открываем файл выгрузки из 1С
Файл 1C выгрузки открыт для чтения. Начинаем загрузку информации в Базу данных...
Данные успешно загружены
Удаленный каталог успешно отмонтирован
----------------------------------------------
Пн янв 28 10:00:01 +06 2019
Монтируем удаленный каталог с выгрузкой из 1С
Удаленный каталог успешно примонтирован, запускаем php скрипт для загрузки данных
PHP скрипт запущен, открываем файл выгрузки из 1С
Файл 1C выгрузки открыт для чтения. Начинаем загрузку информации в Базу данных...
Данные успешно загружены
Удаленный каталог успешно отмонтирован
----------------------------------------------
Вт янв 29 10:00:01 +06 2019
Монтируем удаленный каталог с выгрузкой из 1С
Удаленный каталог успешно примонтирован, запускаем php скрипт для загрузки данных
PHP скрипт запущен, открываем файл выгрузки из 1С
Файл 1C выгрузки открыт для чтения. Начинаем загрузку информации в Базу данных...
Данные успешно загружены
Удаленный каталог успешно отмонтирован
----------------------------------------------
Ср янв 30 10:00:01 +06 2019
Монтируем удаленный каталог с выгрузкой из 1С
Удаленный каталог успешно примонтирован, запускаем php скрипт для загрузки данных
PHP скрипт запущен, открываем файл выгрузки из 1С
Файл 1C выгрузки открыт для чтения. Начинаем загрузку информации в Базу данных...
Данные успешно загружены
Удаленный каталог успешно отмонтирован
----------------------------------------------
Чт янв 31 10:00:01 +06 2019
Монтируем удаленный каталог с выгрузкой из 1С
Удаленный каталог успешно примонтирован, запускаем php скрипт для загрузки данных
PHP скрипт запущен, открываем файл выгрузки из 1С
Файл 1C выгрузки открыт для чтения. Начинаем загрузку информации в Базу данных...
Данные успешно загружены
Удаленный каталог успешно отмонтирован
----------------------------------------------
Пт фев  1 10:00:01 +06 2019
Монтируем удаленный каталог с выгрузкой из 1С
Удаленный каталог успешно примонтирован, запускаем php скрипт для загрузки данных
PHP скрипт запущен, открываем файл выгрузки из 1С
Файл 1C выгрузки открыт для чтения. Начинаем загрузку информации в Базу данных...
Данные успешно загружены
Удаленный каталог успешно отмонтирован
----------------------------------------------
Сб фев  2 10:00:01 +06 2019
Монтируем удаленный каталог с выгрузкой из 1С
Удаленный каталог успешно примонтирован, запускаем php скрипт для загрузки данных
PHP скрипт запущен, открываем файл выгрузки из 1С
Файл 1C выгрузки открыт для чтения. Начинаем загрузку информации в Базу данных...
Данные успешно загружены
Удаленный каталог успешно отмонтирован
----------------------------------------------
Вс фев  3 10:00:01 +06 2019
Монтируем удаленный каталог с выгрузкой из 1С
Удаленный каталог успешно примонтирован, запускаем php скрипт для загрузки данных
PHP скрипт запущен, открываем файл выгрузки из 1С
Файл 1C выгрузки открыт для чтения. Начинаем загрузку информации в Базу данных...
Данные успешно загружены
Удаленный каталог успешно отмонтирован
----------------------------------------------
Пн фев  4 10:00:01 +06 2019
Монтируем удаленный каталог с выгрузкой из 1С
Удаленный каталог успешно примонтирован, запускаем php скрипт для загрузки данных
PHP скрипт запущен, открываем файл выгрузки из 1С
Файл 1C выгрузки открыт для чтения. Начинаем загрузку информации в Базу данных...
Данные успешно загружены
Удаленный каталог успешно отмонтирован
----------------------------------------------
Вт фев  5 10:00:01 +06 2019
Монтируем удаленный каталог с выгрузкой из 1С
Удаленный каталог успешно примонтирован, запускаем php скрипт для загрузки данных
PHP скрипт запущен, открываем файл выгрузки из 1С
Файл 1C выгрузки открыт для чтения. Начинаем загрузку информации в Базу данных...
Данные успешно загружены
Удаленный каталог успешно отмонтирован
----------------------------------------------
Ср фев  6 10:00:01 +06 2019
Монтируем удаленный каталог с выгрузкой из 1С
Удаленный каталог успешно примонтирован, запускаем php скрипт для загрузки данных
PHP скрипт запущен, открываем файл выгрузки из 1С
Файл 1C выгрузки открыт для чтения. Начинаем загрузку информации в Базу данных...
Данные успешно загружены
Удаленный каталог успешно отмонтирован
----------------------------------------------
Чт фев  7 10:00:01 +06 2019
Монтируем удаленный каталог с выгрузкой из 1С
Удаленный каталог успешно примонтирован, запускаем php скрипт для загрузки данных
PHP скрипт запущен, открываем файл выгрузки из 1С
Файл 1C выгрузки открыт для чтения. Начинаем загрузку информации в Базу данных...
Данные успешно загружены
Удаленный каталог успешно отмонтирован
----------------------------------------------
Пт фев  8 10:00:01 +06 2019
Монтируем удаленный каталог с выгрузкой из 1С
Удаленный каталог успешно примонтирован, запускаем php скрипт для загрузки данных
PHP скрипт запущен, открываем файл выгрузки из 1С
Файл 1C выгрузки открыт для чтения. Начинаем загрузку информации в Базу данных...
Данные успешно загружены
Удаленный каталог успешно отмонтирован
----------------------------------------------
Сб фев  9 10:00:01 +06 2019
Монтируем удаленный каталог с выгрузкой из 1С
Удаленный каталог успешно примонтирован, запускаем php скрипт для загрузки данных
PHP скрипт запущен, открываем файл выгрузки из 1С
Файл 1C выгрузки открыт для чтения. Начинаем загрузку информации в Базу данных...
Данные успешно загружены
Удаленный каталог успешно отмонтирован
----------------------------------------------
Вс фев 10 10:00:01 +06 2019
Монтируем удаленный каталог с выгрузкой из 1С
Удаленный каталог успешно примонтирован, запускаем php скрипт для загрузки данных
PHP скрипт запущен, открываем файл выгрузки из 1С
Файл 1C выгрузки открыт для чтения. Начинаем загрузку информации в Базу данных...
Данные успешно загружены
Удаленный каталог успешно отмонтирован
----------------------------------------------
Пн фев 11 10:00:01 +06 2019
Монтируем удаленный каталог с выгрузкой из 1С
Удаленный каталог успешно примонтирован, запускаем php скрипт для загрузки данных
PHP скрипт запущен, открываем файл выгрузки из 1С
Файл 1C выгрузки открыт для чтения. Начинаем загрузку информации в Базу данных...
Данные успешно загружены
Удаленный каталог успешно отмонтирован
----------------------------------------------
Вт фев 12 10:00:01 +06 2019
Монтируем удаленный каталог с выгрузкой из 1С
Удаленный каталог успешно примонтирован, запускаем php скрипт для загрузки данных
PHP скрипт запущен, открываем файл выгрузки из 1С
Файл 1C выгрузки открыт для чтения. Начинаем загрузку информации в Базу данных...
Данные успешно загружены
Удаленный каталог успешно отмонтирован
----------------------------------------------
Ср фев 13 10:00:01 +06 2019
Монтируем удаленный каталог с выгрузкой из 1С
Удаленный каталог успешно примонтирован, запускаем php скрипт для загрузки данных
PHP скрипт запущен, открываем файл выгрузки из 1С
Файл 1C выгрузки открыт для чтения. Начинаем загрузку информации в Базу данных...
Данные успешно загружены
Удаленный каталог успешно отмонтирован
----------------------------------------------
Чт фев 14 10:00:01 +06 2019
Монтируем удаленный каталог с выгрузкой из 1С
Удаленный каталог успешно примонтирован, запускаем php скрипт для загрузки данных
PHP скрипт запущен, открываем файл выгрузки из 1С
Файл 1C выгрузки открыт для чтения. Начинаем загрузку информации в Базу данных...
Данные успешно загружены
Удаленный каталог успешно отмонтирован
----------------------------------------------
Пт фев 15 10:00:01 +06 2019
Монтируем удаленный каталог с выгрузкой из 1С
Удаленный каталог успешно примонтирован, запускаем php скрипт для загрузки данных
PHP скрипт запущен, открываем файл выгрузки из 1С
Файл 1C выгрузки открыт для чтения. Начинаем загрузку информации в Базу данных...
Данные успешно загружены
Удаленный каталог успешно отмонтирован
----------------------------------------------
Сб фев 16 10:00:01 +06 2019
Монтируем удаленный каталог с выгрузкой из 1С
Удаленный каталог успешно примонтирован, запускаем php скрипт для загрузки данных
PHP скрипт запущен, открываем файл выгрузки из 1С
Файл 1C выгрузки открыт для чтения. Начинаем загрузку информации в Базу данных...
Данные успешно загружены
Удаленный каталог успешно отмонтирован
----------------------------------------------
Вс фев 17 10:00:01 +06 2019
Монтируем удаленный каталог с выгрузкой из 1С
Удаленный каталог успешно примонтирован, запускаем php скрипт для загрузки данных
PHP скрипт запущен, открываем файл выгрузки из 1С
Файл 1C выгрузки открыт для чтения. Начинаем загрузку информации в Базу данных...
Данные успешно загружены
Удаленный каталог успешно отмонтирован
----------------------------------------------
Пн фев 18 10:00:01 +06 2019
Монтируем удаленный каталог с выгрузкой из 1С
Удаленный каталог успешно примонтирован, запускаем php скрипт для загрузки данных
PHP скрипт запущен, открываем файл выгрузки из 1С
Файл 1C выгрузки открыт для чтения. Начинаем загрузку информации в Базу данных...
Данные успешно загружены
Удаленный каталог успешно отмонтирован
----------------------------------------------
Вт фев 19 10:00:01 +06 2019
Монтируем удаленный каталог с выгрузкой из 1С
Удаленный каталог успешно примонтирован, запускаем php скрипт для загрузки данных
PHP скрипт запущен, открываем файл выгрузки из 1С
Файл 1C выгрузки открыт для чтения. Начинаем загрузку информации в Базу данных...
Данные успешно загружены
Удаленный каталог успешно отмонтирован
----------------------------------------------
Ср фев 20 10:00:01 +06 2019
Монтируем удаленный каталог с выгрузкой из 1С
Удаленный каталог успешно примонтирован, запускаем php скрипт для загрузки данных
PHP скрипт запущен, открываем файл выгрузки из 1С
Файл 1C выгрузки открыт для чтения. Начинаем загрузку информации в Базу данных...
Данные успешно загружены
Удаленный каталог успешно отмонтирован
----------------------------------------------
Вт сен 24 10:00:01 +06 2019
Монтируем удаленный каталог с выгрузкой из 1С
Удаленный каталог успешно примонтирован, запускаем php скрипт для загрузки данных
PHP скрипт запущен, открываем файл выгрузки из 1С
Файл 1C выгрузки открыт для чтения. Начинаем загрузку информации в Базу данных...
Данные успешно загружены
Удаленный каталог успешно отмонтирован
----------------------------------------------
Ср сен 25 10:00:01 +06 2019
Монтируем удаленный каталог с выгрузкой из 1С
Удаленный каталог успешно примонтирован, запускаем php скрипт для загрузки данных
PHP скрипт запущен, открываем файл выгрузки из 1С
Файл 1C выгрузки открыт для чтения. Начинаем загрузку информации в Базу данных...
Данные успешно загружены
Удаленный каталог успешно отмонтирован
----------------------------------------------
Чт сен 26 10:00:01 +06 2019
Монтируем удаленный каталог с выгрузкой из 1С
Удаленный каталог успешно примонтирован, запускаем php скрипт для загрузки данных
PHP скрипт запущен, открываем файл выгрузки из 1С
Файл 1C выгрузки открыт для чтения. Начинаем загрузку информации в Базу данных...
Данные успешно загружены
Удаленный каталог успешно отмонтирован
----------------------------------------------
Пт сен 27 10:00:01 +06 2019
Монтируем удаленный каталог с выгрузкой из 1С
Удаленный каталог успешно примонтирован, запускаем php скрипт для загрузки данных
PHP скрипт запущен, открываем файл выгрузки из 1С
Файл 1C выгрузки открыт для чтения. Начинаем загрузку информации в Базу данных...
Данные успешно загружены
Удаленный каталог успешно отмонтирован
----------------------------------------------
Сб сен 28 10:00:01 +06 2019
Монтируем удаленный каталог с выгрузкой из 1С
Удаленный каталог успешно примонтирован, запускаем php скрипт для загрузки данных
PHP скрипт запущен, открываем файл выгрузки из 1С
Файл 1C выгрузки открыт для чтения. Начинаем загрузку информации в Базу данных...
Данные успешно загружены
Удаленный каталог успешно отмонтирован
----------------------------------------------
Вс сен 29 10:00:01 +06 2019
Монтируем удаленный каталог с выгрузкой из 1С
Удаленный каталог успешно примонтирован, запускаем php скрипт для загрузки данных
PHP скрипт запущен, открываем файл выгрузки из 1С
Файл 1C выгрузки открыт для чтения. Начинаем загрузку информации в Базу данных...
Данные успешно загружены
Удаленный каталог успешно отмонтирован
----------------------------------------------
Пн сен 30 10:00:01 +06 2019
Монтируем удаленный каталог с выгрузкой из 1С
Удаленный каталог успешно примонтирован, запускаем php скрипт для загрузки данных
PHP скрипт запущен, открываем файл выгрузки из 1С
Файл 1C выгрузки открыт для чтения. Начинаем загрузку информации в Базу данных...
Данные успешно загружены
Удаленный каталог успешно отмонтирован
----------------------------------------------
Вт окт  1 10:00:01 +06 2019
Монтируем удаленный каталог с выгрузкой из 1С
Удаленный каталог успешно примонтирован, запускаем php скрипт для загрузки данных
PHP скрипт запущен, открываем файл выгрузки из 1С
Файл 1C выгрузки открыт для чтения. Начинаем загрузку информации в Базу данных...
Данные успешно загружены
Удаленный каталог успешно отмонтирован
----------------------------------------------
Ср окт  2 10:00:01 +06 2019
Монтируем удаленный каталог с выгрузкой из 1С
Удаленный каталог успешно примонтирован, запускаем php скрипт для загрузки данных
PHP скрипт запущен, открываем файл выгрузки из 1С
Файл 1C выгрузки открыт для чтения. Начинаем загрузку информации в Базу данных...
Данные успешно загружены
Удаленный каталог успешно отмонтирован
----------------------------------------------
Чт окт  3 10:00:01 +06 2019
Монтируем удаленный каталог с выгрузкой из 1С
Удаленный каталог успешно примонтирован, запускаем php скрипт для загрузки данных
PHP скрипт запущен, открываем файл выгрузки из 1С
Файл 1C выгрузки открыт для чтения. Начинаем загрузку информации в Базу данных...
Данные успешно загружены
Удаленный каталог успешно отмонтирован
----------------------------------------------
Пт окт  4 10:00:02 +06 2019
Монтируем удаленный каталог с выгрузкой из 1С
Удаленный каталог успешно примонтирован, запускаем php скрипт для загрузки данных
PHP скрипт запущен, открываем файл выгрузки из 1С
Файл 1C выгрузки открыт для чтения. Начинаем загрузку информации в Базу данных...
Данные успешно загружены
Удаленный каталог успешно отмонтирован
----------------------------------------------
Сб окт  5 10:00:01 +06 2019
Монтируем удаленный каталог с выгрузкой из 1С
Удаленный каталог успешно примонтирован, запускаем php скрипт для загрузки данных
PHP скрипт запущен, открываем файл выгрузки из 1С
Файл 1C выгрузки открыт для чтения. Начинаем загрузку информации в Базу данных...
Данные успешно загружены
Удаленный каталог успешно отмонтирован
----------------------------------------------
Вс окт  6 10:00:01 +06 2019
Монтируем удаленный каталог с выгрузкой из 1С
Удаленный каталог успешно примонтирован, запускаем php скрипт для загрузки данных
PHP скрипт запущен, открываем файл выгрузки из 1С
Файл 1C выгрузки открыт для чтения. Начинаем загрузку информации в Базу данных...
Данные успешно загружены
Удаленный каталог успешно отмонтирован
----------------------------------------------
Пн окт  7 10:00:01 +06 2019
Монтируем удаленный каталог с выгрузкой из 1С
Удаленный каталог успешно примонтирован, запускаем php скрипт для загрузки данных
PHP скрипт запущен, открываем файл выгрузки из 1С
Файл 1C выгрузки открыт для чтения. Начинаем загрузку информации в Базу данных...
Данные успешно загружены
Удаленный каталог успешно отмонтирован
----------------------------------------------
Вт окт  8 10:00:01 +06 2019
Монтируем удаленный каталог с выгрузкой из 1С
Удаленный каталог успешно примонтирован, запускаем php скрипт для загрузки данных
PHP скрипт запущен, открываем файл выгрузки из 1С
Файл 1C выгрузки открыт для чтения. Начинаем загрузку информации в Базу данных...
Данные успешно загружены
Удаленный каталог успешно отмонтирован
----------------------------------------------
Ср окт  9 10:00:01 +06 2019
Монтируем удаленный каталог с выгрузкой из 1С
Удаленный каталог успешно примонтирован, запускаем php скрипт для загрузки данных
PHP скрипт запущен, открываем файл выгрузки из 1С
Файл 1C выгрузки открыт для чтения. Начинаем загрузку информации в Базу данных...
Данные успешно загружены
Удаленный каталог успешно отмонтирован
----------------------------------------------
Чт окт 10 10:00:01 +06 2019
Монтируем удаленный каталог с выгрузкой из 1С
Удаленный каталог успешно примонтирован, запускаем php скрипт для загрузки данных
PHP скрипт запущен, открываем файл выгрузки из 1С
Файл 1C выгрузки открыт для чтения. Начинаем загрузку информации в Базу данных...
Данные успешно загружены
Удаленный каталог успешно отмонтирован
----------------------------------------------
Пт окт 11 10:00:01 +06 2019
Монтируем удаленный каталог с выгрузкой из 1С
Удаленный каталог успешно примонтирован, запускаем php скрипт для загрузки данных
PHP скрипт запущен, открываем файл выгрузки из 1С
Файл 1C выгрузки открыт для чтения. Начинаем загрузку информации в Базу данных...
Данные успешно загружены
Удаленный каталог успешно отмонтирован
----------------------------------------------
Сб окт 12 10:00:01 +06 2019
Монтируем удаленный каталог с выгрузкой из 1С
Удаленный каталог успешно примонтирован, запускаем php скрипт для загрузки данных
PHP скрипт запущен, открываем файл выгрузки из 1С
Файл 1C выгрузки открыт для чтения. Начинаем загрузку информации в Базу данных...
Данные успешно загружены
Удаленный каталог успешно отмонтирован
----------------------------------------------
Вс окт 13 10:00:01 +06 2019
Монтируем удаленный каталог с выгрузкой из 1С
Удаленный каталог успешно примонтирован, запускаем php скрипт для загрузки данных
PHP скрипт запущен, открываем файл выгрузки из 1С
Файл 1C выгрузки открыт для чтения. Начинаем загрузку информации в Базу данных...
Данные успешно загружены
Удаленный каталог успешно отмонтирован
----------------------------------------------
Пн окт 14 10:00:01 +06 2019
Монтируем удаленный каталог с выгрузкой из 1С
Не удалось примонтировать удаленный каталог
----------------------------------------------
Вт окт 15 10:00:01 +06 2019
Монтируем удаленный каталог с выгрузкой из 1С
Удаленный каталог успешно примонтирован, запускаем php скрипт для загрузки данных
PHP скрипт запущен, открываем файл выгрузки из 1С
Файл 1C выгрузки открыт для чтения. Начинаем загрузку информации в Базу данных...
Данные успешно загружены
Удаленный каталог успешно отмонтирован
----------------------------------------------
Ср окт 16 10:00:02 +06 2019
Монтируем удаленный каталог с выгрузкой из 1С
Удаленный каталог успешно примонтирован, запускаем php скрипт для загрузки данных
Удаленный каталог успешно отмонтирован
----------------------------------------------
Чт окт 17 10:00:01 +06 2019
Монтируем удаленный каталог с выгрузкой из 1С
Удаленный каталог успешно примонтирован, запускаем php скрипт для загрузки данных
PHP скрипт запущен, открываем файл выгрузки из 1С
Файл 1C выгрузки открыт для чтения. Начинаем загрузку информации в Базу данных...
Данные успешно загружены
Удаленный каталог успешно отмонтирован
----------------------------------------------
Пт окт 18 10:00:01 +06 2019
Монтируем удаленный каталог с выгрузкой из 1С
Удаленный каталог успешно примонтирован, запускаем php скрипт для загрузки данных
PHP скрипт запущен, открываем файл выгрузки из 1С
Файл 1C выгрузки открыт для чтения. Начинаем загрузку информации в Базу данных...
Данные успешно загружены
Удаленный каталог успешно отмонтирован
----------------------------------------------
Сб окт 19 10:00:01 +06 2019
Монтируем удаленный каталог с выгрузкой из 1С
Удаленный каталог успешно примонтирован, запускаем php скрипт для загрузки данных
PHP скрипт запущен, открываем файл выгрузки из 1С
Файл 1C выгрузки открыт для чтения. Начинаем загрузку информации в Базу данных...
Данные успешно загружены
Удаленный каталог успешно отмонтирован
----------------------------------------------
Вс окт 20 10:00:01 +06 2019
Монтируем удаленный каталог с выгрузкой из 1С
Удаленный каталог успешно примонтирован, запускаем php скрипт для загрузки данных
PHP скрипт запущен, открываем файл выгрузки из 1С
Файл 1C выгрузки открыт для чтения. Начинаем загрузку информации в Базу данных...
Данные успешно загружены
Удаленный каталог успешно отмонтирован
----------------------------------------------
Пн окт 21 10:00:01 +06 2019
Монтируем удаленный каталог с выгрузкой из 1С
Удаленный каталог успешно примонтирован, запускаем php скрипт для загрузки данных
PHP скрипт запущен, открываем файл выгрузки из 1С
Файл 1C выгрузки открыт для чтения. Начинаем загрузку информации в Базу данных...
Данные успешно загружены
Удаленный каталог успешно отмонтирован
----------------------------------------------
Вт окт 22 10:00:01 +06 2019
Монтируем удаленный каталог с выгрузкой из 1С
Удаленный каталог успешно примонтирован, запускаем php скрипт для загрузки данных
PHP скрипт запущен, открываем файл выгрузки из 1С
Файл 1C выгрузки открыт для чтения. Начинаем загрузку информации в Базу данных...
Данные успешно загружены
Удаленный каталог успешно отмонтирован
----------------------------------------------
Ср окт 23 10:00:01 +06 2019
Монтируем удаленный каталог с выгрузкой из 1С
Удаленный каталог успешно примонтирован, запускаем php скрипт для загрузки данных
PHP скрипт запущен, открываем файл выгрузки из 1С
Файл 1C выгрузки открыт для чтения. Начинаем загрузку информации в Базу данных...
Данные успешно загружены
Удаленный каталог успешно отмонтирован
----------------------------------------------
Чт окт 24 10:00:01 +06 2019
Монтируем удаленный каталог с выгрузкой из 1С
Удаленный каталог успешно примонтирован, запускаем php скрипт для загрузки данных
PHP скрипт запущен, открываем файл выгрузки из 1С
Файл 1C выгрузки открыт для чтения. Начинаем загрузку информации в Базу данных...
Данные успешно загружены
Удаленный каталог успешно отмонтирован
----------------------------------------------
Пт окт 25 10:00:01 +06 2019
Монтируем удаленный каталог с выгрузкой из 1С
Удаленный каталог успешно примонтирован, запускаем php скрипт для загрузки данных
PHP скрипт запущен, открываем файл выгрузки из 1С
Файл 1C выгрузки открыт для чтения. Начинаем загрузку информации в Базу данных...
Данные успешно загружены
Удаленный каталог успешно отмонтирован
----------------------------------------------
Сб окт 26 10:00:01 +06 2019
Монтируем удаленный каталог с выгрузкой из 1С
Удаленный каталог успешно примонтирован, запускаем php скрипт для загрузки данных
PHP скрипт запущен, открываем файл выгрузки из 1С
Файл 1C выгрузки открыт для чтения. Начинаем загрузку информации в Базу данных...
Данные успешно загружены
Удаленный каталог успешно отмонтирован
----------------------------------------------
Вс окт 27 10:00:01 +06 2019
Монтируем удаленный каталог с выгрузкой из 1С
Удаленный каталог успешно примонтирован, запускаем php скрипт для загрузки данных
PHP скрипт запущен, открываем файл выгрузки из 1С
Файл 1C выгрузки открыт для чтения. Начинаем загрузку информации в Базу данных...
Данные успешно загружены
Удаленный каталог успешно отмонтирован
----------------------------------------------
Пн окт 28 10:00:01 +06 2019
Монтируем удаленный каталог с выгрузкой из 1С
Удаленный каталог успешно примонтирован, запускаем php скрипт для загрузки данных
PHP скрипт запущен, открываем файл выгрузки из 1С
Файл 1C выгрузки открыт для чтения. Начинаем загрузку информации в Базу данных...
Данные успешно загружены
Удаленный каталог успешно отмонтирован
----------------------------------------------
Вт окт 29 10:00:01 +06 2019
Монтируем удаленный каталог с выгрузкой из 1С
Удаленный каталог успешно примонтирован, запускаем php скрипт для загрузки данных
PHP скрипт запущен, открываем файл выгрузки из 1С
Файл 1C выгрузки открыт для чтения. Начинаем загрузку информации в Базу данных...
Данные успешно загружены
Удаленный каталог успешно отмонтирован
----------------------------------------------
Ср окт 30 10:00:01 +06 2019
Монтируем удаленный каталог с выгрузкой из 1С
Удаленный каталог успешно примонтирован, запускаем php скрипт для загрузки данных
PHP скрипт запущен, открываем файл выгрузки из 1С
Файл 1C выгрузки открыт для чтения. Начинаем загрузку информации в Базу данных...
Данные успешно загружены
Удаленный каталог успешно отмонтирован
----------------------------------------------
Чт окт 31 10:00:01 +06 2019
Монтируем удаленный каталог с выгрузкой из 1С
Удаленный каталог успешно примонтирован, запускаем php скрипт для загрузки данных
PHP скрипт запущен, открываем файл выгрузки из 1С
Файл 1C выгрузки открыт для чтения. Начинаем загрузку информации в Базу данных...
Данные успешно загружены
Удаленный каталог успешно отмонтирован
----------------------------------------------
Пт ноя  1 10:00:01 +06 2019
Монтируем удаленный каталог с выгрузкой из 1С
Удаленный каталог успешно примонтирован, запускаем php скрипт для загрузки данных
PHP скрипт запущен, открываем файл выгрузки из 1С
Файл 1C выгрузки открыт для чтения. Начинаем загрузку информации в Базу данных...
Данные успешно загружены
Удаленный каталог успешно отмонтирован
----------------------------------------------
Сб ноя  2 10:00:01 +06 2019
Монтируем удаленный каталог с выгрузкой из 1С
Удаленный каталог успешно примонтирован, запускаем php скрипт для загрузки данных
PHP скрипт запущен, открываем файл выгрузки из 1С
Файл 1C выгрузки открыт для чтения. Начинаем загрузку информации в Базу данных...
Данные успешно загружены
Удаленный каталог успешно отмонтирован
----------------------------------------------
Вс ноя  3 10:00:01 +06 2019
Монтируем удаленный каталог с выгрузкой из 1С
Удаленный каталог успешно примонтирован, запускаем php скрипт для загрузки данных
PHP скрипт запущен, открываем файл выгрузки из 1С
Файл 1C выгрузки открыт для чтения. Начинаем загрузку информации в Базу данных...
Данные успешно загружены
Удаленный каталог успешно отмонтирован
----------------------------------------------
Пн ноя  4 10:00:01 +06 2019
Монтируем удаленный каталог с выгрузкой из 1С
Удаленный каталог успешно примонтирован, запускаем php скрипт для загрузки данных
PHP скрипт запущен, открываем файл выгрузки из 1С
Файл 1C выгрузки открыт для чтения. Начинаем загрузку информации в Базу данных...
Данные успешно загружены
Удаленный каталог успешно отмонтирован
----------------------------------------------
Вт ноя  5 10:00:01 +06 2019
Монтируем удаленный каталог с выгрузкой из 1С
Удаленный каталог успешно примонтирован, запускаем php скрипт для загрузки данных
PHP скрипт запущен, открываем файл выгрузки из 1С
Файл 1C выгрузки открыт для чтения. Начинаем загрузку информации в Базу данных...
Данные успешно загружены
Удаленный каталог успешно отмонтирован
----------------------------------------------
Ср ноя  6 10:00:01 +06 2019
Монтируем удаленный каталог с выгрузкой из 1С
Удаленный каталог успешно примонтирован, запускаем php скрипт для загрузки данных
PHP скрипт запущен, открываем файл выгрузки из 1С
Файл 1C выгрузки открыт для чтения. Начинаем загрузку информации в Базу данных...
Данные успешно загружены
Удаленный каталог успешно отмонтирован
----------------------------------------------
Чт ноя  7 10:00:01 +06 2019
Монтируем удаленный каталог с выгрузкой из 1С
Удаленный каталог успешно примонтирован, запускаем php скрипт для загрузки данных
PHP скрипт запущен, открываем файл выгрузки из 1С
Файл 1C выгрузки открыт для чтения. Начинаем загрузку информации в Базу данных...
Данные успешно загружены
Удаленный каталог успешно отмонтирован
----------------------------------------------
Пт ноя  8 10:00:01 +06 2019
Монтируем удаленный каталог с выгрузкой из 1С
Удаленный каталог успешно примонтирован, запускаем php скрипт для загрузки данных
PHP скрипт запущен, открываем файл выгрузки из 1С
Файл 1C выгрузки открыт для чтения. Начинаем загрузку информации в Базу данных...
Данные успешно загружены
Удаленный каталог успешно отмонтирован
----------------------------------------------
Сб ноя  9 10:00:01 +06 2019
Монтируем удаленный каталог с выгрузкой из 1С
Удаленный каталог успешно примонтирован, запускаем php скрипт для загрузки данных
PHP скрипт запущен, открываем файл выгрузки из 1С
Файл 1C выгрузки открыт для чтения. Начинаем загрузку информации в Базу данных...
Данные успешно загружены
Удаленный каталог успешно отмонтирован
----------------------------------------------
Вс ноя 10 10:00:01 +06 2019
Монтируем удаленный каталог с выгрузкой из 1С
Удаленный каталог успешно примонтирован, запускаем php скрипт для загрузки данных
PHP скрипт запущен, открываем файл выгрузки из 1С
Файл 1C выгрузки открыт для чтения. Начинаем загрузку информации в Базу данных...
Данные успешно загружены
Удаленный каталог успешно отмонтирован
----------------------------------------------
Пн ноя 11 10:00:01 +06 2019
Монтируем удаленный каталог с выгрузкой из 1С
Удаленный каталог успешно примонтирован, запускаем php скрипт для загрузки данных
PHP скрипт запущен, открываем файл выгрузки из 1С
Файл 1C выгрузки открыт для чтения. Начинаем загрузку информации в Базу данных...
Данные успешно загружены
Удаленный каталог успешно отмонтирован
----------------------------------------------
Вт ноя 12 10:00:02 +06 2019
Монтируем удаленный каталог с выгрузкой из 1С
Удаленный каталог успешно примонтирован, запускаем php скрипт для загрузки данных
PHP скрипт запущен, открываем файл выгрузки из 1С
Файл 1C выгрузки открыт для чтения. Начинаем загрузку информации в Базу данных...
Данные успешно загружены
Удаленный каталог успешно отмонтирован
----------------------------------------------
Ср ноя 13 10:00:01 +06 2019
Монтируем удаленный каталог с выгрузкой из 1С
Удаленный каталог успешно примонтирован, запускаем php скрипт для загрузки данных
PHP скрипт запущен, открываем файл выгрузки из 1С
Файл 1C выгрузки открыт для чтения. Начинаем загрузку информации в Базу данных...
Данные успешно загружены
Удаленный каталог успешно отмонтирован
----------------------------------------------
Чт ноя 14 10:00:01 +06 2019
Монтируем удаленный каталог с выгрузкой из 1С
Удаленный каталог успешно примонтирован, запускаем php скрипт для загрузки данных
PHP скрипт запущен, открываем файл выгрузки из 1С
Файл 1C выгрузки открыт для чтения. Начинаем загрузку информации в Базу данных...
Данные успешно загружены
Удаленный каталог успешно отмонтирован
----------------------------------------------
Пт ноя 15 10:00:01 +06 2019
Монтируем удаленный каталог с выгрузкой из 1С
Удаленный каталог успешно примонтирован, запускаем php скрипт для загрузки данных
PHP скрипт запущен, открываем файл выгрузки из 1С
Файл 1C выгрузки открыт для чтения. Начинаем загрузку информации в Базу данных...
Данные успешно загружены
Удаленный каталог успешно отмонтирован
----------------------------------------------
Сб ноя 16 10:00:01 +06 2019
Монтируем удаленный каталог с выгрузкой из 1С
Удаленный каталог успешно примонтирован, запускаем php скрипт для загрузки данных
PHP скрипт запущен, открываем файл выгрузки из 1С
Файл 1C выгрузки открыт для чтения. Начинаем загрузку информации в Базу данных...
Данные успешно загружены
Удаленный каталог успешно отмонтирован
----------------------------------------------
Вс ноя 17 10:00:01 +06 2019
Монтируем удаленный каталог с выгрузкой из 1С
Удаленный каталог успешно примонтирован, запускаем php скрипт для загрузки данных
PHP скрипт запущен, открываем файл выгрузки из 1С
Файл 1C выгрузки открыт для чтения. Начинаем загрузку информации в Базу данных...
Данные успешно загружены
Удаленный каталог успешно отмонтирован
----------------------------------------------
Пн ноя 18 10:00:01 +06 2019
Монтируем удаленный каталог с выгрузкой из 1С
Удаленный каталог успешно примонтирован, запускаем php скрипт для загрузки данных
PHP скрипт запущен, открываем файл выгрузки из 1С
Файл 1C выгрузки открыт для чтения. Начинаем загрузку информации в Базу данных...
Данные успешно загружены
Удаленный каталог успешно отмонтирован
----------------------------------------------
Вт ноя 19 10:00:01 +06 2019
Монтируем удаленный каталог с выгрузкой из 1С
Удаленный каталог успешно примонтирован, запускаем php скрипт для загрузки данных
PHP скрипт запущен, открываем файл выгрузки из 1С
Файл 1C выгрузки открыт для чтения. Начинаем загрузку информации в Базу данных...
Данные успешно загружены
Удаленный каталог успешно отмонтирован
----------------------------------------------
Ср ноя 20 10:00:01 +06 2019
Монтируем удаленный каталог с выгрузкой из 1С
Удаленный каталог успешно примонтирован, запускаем php скрипт для загрузки данных
PHP скрипт запущен, открываем файл выгрузки из 1С
Файл 1C выгрузки открыт для чтения. Начинаем загрузку информации в Базу данных...
Данные успешно загружены
Удаленный каталог успешно отмонтирован
----------------------------------------------
Чт ноя 21 10:00:01 +06 2019
Монтируем удаленный каталог с выгрузкой из 1С
Удаленный каталог успешно примонтирован, запускаем php скрипт для загрузки данных
PHP скрипт запущен, открываем файл выгрузки из 1С
Файл 1C выгрузки открыт для чтения. Начинаем загрузку информации в Базу данных...
Данные успешно загружены
Удаленный каталог успешно отмонтирован
----------------------------------------------
Пт ноя 22 10:00:01 +06 2019
Монтируем удаленный каталог с выгрузкой из 1С
Удаленный каталог успешно примонтирован, запускаем php скрипт для загрузки данных
PHP скрипт запущен, открываем файл выгрузки из 1С
Файл 1C выгрузки открыт для чтения. Начинаем загрузку информации в Базу данных...
Данные успешно загружены
Удаленный каталог успешно отмонтирован
----------------------------------------------
Сб ноя 23 10:00:01 +06 2019
Монтируем удаленный каталог с выгрузкой из 1С
Удаленный каталог успешно примонтирован, запускаем php скрипт для загрузки данных
PHP скрипт запущен, открываем файл выгрузки из 1С
Файл 1C выгрузки открыт для чтения. Начинаем загрузку информации в Базу данных...
Данные успешно загружены
Удаленный каталог успешно отмонтирован
----------------------------------------------
Вс ноя 24 10:00:01 +06 2019
Монтируем удаленный каталог с выгрузкой из 1С
Удаленный каталог успешно примонтирован, запускаем php скрипт для загрузки данных
PHP скрипт запущен, открываем файл выгрузки из 1С
Файл 1C выгрузки открыт для чтения. Начинаем загрузку информации в Базу данных...
Данные успешно загружены
Удаленный каталог успешно отмонтирован
----------------------------------------------
Пн ноя 25 10:00:01 +06 2019
Монтируем удаленный каталог с выгрузкой из 1С
Удаленный каталог успешно примонтирован, запускаем php скрипт для загрузки данных
PHP скрипт запущен, открываем файл выгрузки из 1С
Файл 1C выгрузки открыт для чтения. Начинаем загрузку информации в Базу данных...
Данные успешно загружены
Удаленный каталог успешно отмонтирован
----------------------------------------------
Вт ноя 26 10:00:01 +06 2019
Монтируем удаленный каталог с выгрузкой из 1С
Удаленный каталог успешно примонтирован, запускаем php скрипт для загрузки данных
PHP скрипт запущен, открываем файл выгрузки из 1С
Файл 1C выгрузки открыт для чтения. Начинаем загрузку информации в Базу данных...
Данные успешно загружены
Удаленный каталог успешно отмонтирован
----------------------------------------------
Ср ноя 27 10:00:01 +06 2019
Монтируем удаленный каталог с выгрузкой из 1С
Удаленный каталог успешно примонтирован, запускаем php скрипт для загрузки данных
PHP скрипт запущен, открываем файл выгрузки из 1С
Файл 1C выгрузки открыт для чтения. Начинаем загрузку информации в Базу данных...
Данные успешно загружены
Удаленный каталог успешно отмонтирован
----------------------------------------------
Чт ноя 28 10:00:01 +06 2019
Монтируем удаленный каталог с выгрузкой из 1С
Удаленный каталог успешно примонтирован, запускаем php скрипт для загрузки данных
PHP скрипт запущен, открываем файл выгрузки из 1С
Файл 1C выгрузки открыт для чтения. Начинаем загрузку информации в Базу данных...
Данные успешно загружены
Удаленный каталог успешно отмонтирован
----------------------------------------------
Пт ноя 29 10:00:01 +06 2019
Монтируем удаленный каталог с выгрузкой из 1С
Удаленный каталог успешно примонтирован, запускаем php скрипт для загрузки данных
PHP скрипт запущен, открываем файл выгрузки из 1С
Файл 1C выгрузки открыт для чтения. Начинаем загрузку информации в Базу данных...
Данные успешно загружены
Удаленный каталог успешно отмонтирован
----------------------------------------------
Сб ноя 30 10:00:01 +06 2019
Монтируем удаленный каталог с выгрузкой из 1С
Удаленный каталог успешно примонтирован, запускаем php скрипт для загрузки данных
PHP скрипт запущен, открываем файл выгрузки из 1С
Файл 1C выгрузки открыт для чтения. Начинаем загрузку информации в Базу данных...
Данные успешно загружены
Удаленный каталог успешно отмонтирован
----------------------------------------------
Вс дек  1 10:00:01 +06 2019
Монтируем удаленный каталог с выгрузкой из 1С
Удаленный каталог успешно примонтирован, запускаем php скрипт для загрузки данных
PHP скрипт запущен, открываем файл выгрузки из 1С
Файл 1C выгрузки открыт для чтения. Начинаем загрузку информации в Базу данных...
Данные успешно загружены
Удаленный каталог успешно отмонтирован
----------------------------------------------
Пн дек  2 10:00:01 +06 2019
Монтируем удаленный каталог с выгрузкой из 1С
Удаленный каталог успешно примонтирован, запускаем php скрипт для загрузки данных
PHP скрипт запущен, открываем файл выгрузки из 1С
Файл 1C выгрузки открыт для чтения. Начинаем загрузку информации в Базу данных...
Данные успешно загружены
Удаленный каталог успешно отмонтирован
----------------------------------------------
Вт дек  3 10:00:01 +06 2019
Монтируем удаленный каталог с выгрузкой из 1С
Удаленный каталог успешно примонтирован, запускаем php скрипт для загрузки данных
PHP скрипт запущен, открываем файл выгрузки из 1С
Файл 1C выгрузки открыт для чтения. Начинаем загрузку информации в Базу данных...
Данные успешно загружены
Удаленный каталог успешно отмонтирован
----------------------------------------------
Ср дек  4 10:00:01 +06 2019
Монтируем удаленный каталог с выгрузкой из 1С
Удаленный каталог успешно примонтирован, запускаем php скрипт для загрузки данных
PHP скрипт запущен, открываем файл выгрузки из 1С
Файл 1C выгрузки открыт для чтения. Начинаем загрузку информации в Базу данных...
Удаленный каталог успешно отмонтирован
----------------------------------------------
Чт дек  5 10:00:01 +06 2019
Монтируем удаленный каталог с выгрузкой из 1С
Удаленный каталог успешно примонтирован, запускаем php скрипт для загрузки данных
PHP скрипт запущен, открываем файл выгрузки из 1С
Файл 1C выгрузки открыт для чтения. Начинаем загрузку информации в Базу данных...
Данные успешно загружены
Удаленный каталог успешно отмонтирован
----------------------------------------------
Пт дек  6 10:00:01 +06 2019
Монтируем удаленный каталог с выгрузкой из 1С
Удаленный каталог успешно примонтирован, запускаем php скрипт для загрузки данных
PHP скрипт запущен, открываем файл выгрузки из 1С
Файл 1C выгрузки открыт для чтения. Начинаем загрузку информации в Базу данных...
Данные успешно загружены
Удаленный каталог успешно отмонтирован
----------------------------------------------
Сб дек  7 10:00:01 +06 2019
Монтируем удаленный каталог с выгрузкой из 1С
Удаленный каталог успешно примонтирован, запускаем php скрипт для загрузки данных
PHP скрипт запущен, открываем файл выгрузки из 1С
Файл 1C выгрузки открыт для чтения. Начинаем загрузку информации в Базу данных...
Данные успешно загружены
Удаленный каталог успешно отмонтирован
----------------------------------------------
Вс дек  8 10:00:01 +06 2019
Монтируем удаленный каталог с выгрузкой из 1С
Удаленный каталог успешно примонтирован, запускаем php скрипт для загрузки данных
PHP скрипт запущен, открываем файл выгрузки из 1С
Файл 1C выгрузки открыт для чтения. Начинаем загрузку информации в Базу данных...
Данные успешно загружены
Удаленный каталог успешно отмонтирован
----------------------------------------------
Пн дек  9 10:00:02 +06 2019
Монтируем удаленный каталог с выгрузкой из 1С
Удаленный каталог успешно примонтирован, запускаем php скрипт для загрузки данных
PHP скрипт запущен, открываем файл выгрузки из 1С
Файл 1C выгрузки открыт для чтения. Начинаем загрузку информации в Базу данных...
Данные успешно загружены
Удаленный каталог успешно отмонтирован
----------------------------------------------
Вт дек 10 10:00:01 +06 2019
Монтируем удаленный каталог с выгрузкой из 1С
Удаленный каталог успешно примонтирован, запускаем php скрипт для загрузки данных
PHP скрипт запущен, открываем файл выгрузки из 1С
Файл 1C выгрузки открыт для чтения. Начинаем загрузку информации в Базу данных...
Данные успешно загружены
Удаленный каталог успешно отмонтирован
----------------------------------------------
Ср дек 11 10:00:01 +06 2019
Монтируем удаленный каталог с выгрузкой из 1С
Удаленный каталог успешно примонтирован, запускаем php скрипт для загрузки данных
PHP скрипт запущен, открываем файл выгрузки из 1С
Файл 1C выгрузки открыт для чтения. Начинаем загрузку информации в Базу данных...
Данные успешно загружены
Удаленный каталог успешно отмонтирован
----------------------------------------------
Чт дек 12 10:00:01 +06 2019
Монтируем удаленный каталог с выгрузкой из 1С
Удаленный каталог успешно примонтирован, запускаем php скрипт для загрузки данных
PHP скрипт запущен, открываем файл выгрузки из 1С
Файл 1C выгрузки открыт для чтения. Начинаем загрузку информации в Базу данных...
Данные успешно загружены
Удаленный каталог успешно отмонтирован
----------------------------------------------
Пт дек 13 10:00:01 +06 2019
Монтируем удаленный каталог с выгрузкой из 1С
Удаленный каталог успешно примонтирован, запускаем php скрипт для загрузки данных
PHP скрипт запущен, открываем файл выгрузки из 1С
Файл 1C выгрузки открыт для чтения. Начинаем загрузку информации в Базу данных...
Данные успешно загружены
Удаленный каталог успешно отмонтирован
----------------------------------------------
Сб дек 14 10:00:01 +06 2019
Монтируем удаленный каталог с выгрузкой из 1С
Удаленный каталог успешно примонтирован, запускаем php скрипт для загрузки данных
PHP скрипт запущен, открываем файл выгрузки из 1С
Файл 1C выгрузки открыт для чтения. Начинаем загрузку информации в Базу данных...
Данные успешно загружены
Удаленный каталог успешно отмонтирован
----------------------------------------------
Вс дек 15 10:00:01 +06 2019
Монтируем удаленный каталог с выгрузкой из 1С
Удаленный каталог успешно примонтирован, запускаем php скрипт для загрузки данных
PHP скрипт запущен, открываем файл выгрузки из 1С
Файл 1C выгрузки открыт для чтения. Начинаем загрузку информации в Базу данных...
Данные успешно загружены
Удаленный каталог успешно отмонтирован
----------------------------------------------
Пн дек 16 10:00:01 +06 2019
Монтируем удаленный каталог с выгрузкой из 1С
Удаленный каталог успешно примонтирован, запускаем php скрипт для загрузки данных
PHP скрипт запущен, открываем файл выгрузки из 1С
Файл 1C выгрузки открыт для чтения. Начинаем загрузку информации в Базу данных...
Данные успешно загружены
Удаленный каталог успешно отмонтирован
----------------------------------------------
Вт дек 17 10:00:01 +06 2019
Монтируем удаленный каталог с выгрузкой из 1С
Удаленный каталог успешно примонтирован, запускаем php скрипт для загрузки данных
PHP скрипт запущен, открываем файл выгрузки из 1С
Файл 1C выгрузки открыт для чтения. Начинаем загрузку информации в Базу данных...
Данные успешно загружены
Удаленный каталог успешно отмонтирован
----------------------------------------------
Ср дек 18 10:00:01 +06 2019
Монтируем удаленный каталог с выгрузкой из 1С
Удаленный каталог успешно примонтирован, запускаем php скрипт для загрузки данных
PHP скрипт запущен, открываем файл выгрузки из 1С
Файл 1C выгрузки открыт для чтения. Начинаем загрузку информации в Базу данных...
Данные успешно загружены
Удаленный каталог успешно отмонтирован
----------------------------------------------
Чт дек 19 10:00:01 +06 2019
Монтируем удаленный каталог с выгрузкой из 1С
Удаленный каталог успешно примонтирован, запускаем php скрипт для загрузки данных
PHP скрипт запущен, открываем файл выгрузки из 1С
Файл 1C выгрузки открыт для чтения. Начинаем загрузку информации в Базу данных...
Данные успешно загружены
Удаленный каталог успешно отмонтирован
----------------------------------------------
Пт дек 20 10:00:01 +06 2019
Монтируем удаленный каталог с выгрузкой из 1С
Удаленный каталог успешно примонтирован, запускаем php скрипт для загрузки данных
PHP скрипт запущен, открываем файл выгрузки из 1С
Файл 1C выгрузки открыт для чтения. Начинаем загрузку информации в Базу данных...
Данные успешно загружены
Удаленный каталог успешно отмонтирован
----------------------------------------------
Сб дек 21 10:00:01 +06 2019
Монтируем удаленный каталог с выгрузкой из 1С
Удаленный каталог успешно примонтирован, запускаем php скрипт для загрузки данных
PHP скрипт запущен, открываем файл выгрузки из 1С
Файл 1C выгрузки открыт для чтения. Начинаем загрузку информации в Базу данных...
Данные успешно загружены
Удаленный каталог успешно отмонтирован
----------------------------------------------
Вс дек 22 10:00:01 +06 2019
Монтируем удаленный каталог с выгрузкой из 1С
Удаленный каталог успешно примонтирован, запускаем php скрипт для загрузки данных
PHP скрипт запущен, открываем файл выгрузки из 1С
Файл 1C выгрузки открыт для чтения. Начинаем загрузку информации в Базу данных...
Данные успешно загружены
Удаленный каталог успешно отмонтирован
----------------------------------------------
Пн дек 23 10:00:01 +06 2019
Монтируем удаленный каталог с выгрузкой из 1С
Удаленный каталог успешно примонтирован, запускаем php скрипт для загрузки данных
PHP скрипт запущен, открываем файл выгрузки из 1С
Файл 1C выгрузки открыт для чтения. Начинаем загрузку информации в Базу данных...
Данные успешно загружены
Удаленный каталог успешно отмонтирован
----------------------------------------------
Вт дек 24 10:00:01 +06 2019
Монтируем удаленный каталог с выгрузкой из 1С
Удаленный каталог успешно примонтирован, запускаем php скрипт для загрузки данных
PHP скрипт запущен, открываем файл выгрузки из 1С
Файл 1C выгрузки открыт для чтения. Начинаем загрузку информации в Базу данных...
Данные успешно загружены
Удаленный каталог успешно отмонтирован
----------------------------------------------
Ср дек 25 10:00:01 +06 2019
Монтируем удаленный каталог с выгрузкой из 1С
Удаленный каталог успешно примонтирован, запускаем php скрипт для загрузки данных
PHP скрипт запущен, открываем файл выгрузки из 1С
Файл 1C выгрузки открыт для чтения. Начинаем загрузку информации в Базу данных...
Данные успешно загружены
Удаленный каталог успешно отмонтирован
----------------------------------------------
Чт дек 26 10:00:01 +06 2019
Монтируем удаленный каталог с выгрузкой из 1С
Удаленный каталог успешно примонтирован, запускаем php скрипт для загрузки данных
PHP скрипт запущен, открываем файл выгрузки из 1С
Файл 1C выгрузки открыт для чтения. Начинаем загрузку информации в Базу данных...
Данные успешно загружены
Удаленный каталог успешно отмонтирован
----------------------------------------------
Пт дек 27 10:00:01 +06 2019
Монтируем удаленный каталог с выгрузкой из 1С
Удаленный каталог успешно примонтирован, запускаем php скрипт для загрузки данных
PHP скрипт запущен, открываем файл выгрузки из 1С
Файл 1C выгрузки открыт для чтения. Начинаем загрузку информации в Базу данных...
Данные успешно загружены
Удаленный каталог успешно отмонтирован
